<?xml version="1.0" encoding="UTF-8"?>
<coverage generated="1570712041424" clover="3.2.0">
  <project timestamp="1570712041424" name="All files">
    <metrics statements="23" coveredstatements="23" conditionals="25" coveredconditionals="25" methods="10" coveredmethods="10" elements="58" coveredelements="58" complexity="0" loc="23" ncloc="23" packages="2" files="2" classes="2"/>
    <package name="core.lib">
      <metrics statements="4" coveredstatements="4" conditionals="8" coveredconditionals="8" methods="3" coveredmethods="3"/>
      <file name="core.js" path="/home/raz/dev/mrzl/packages/core/lib/core.js">
        <metrics statements="4" coveredstatements="4" conditionals="8" coveredconditionals="8" methods="3" coveredmethods="3"/>
        <line num="13" count="4" type="cond" truecount="4" falsecount="0"/>
        <line num="14" count="1" type="stmt"/>
        <line num="25" count="2" type="stmt"/>
        <line num="35" count="2" type="cond" truecount="2" falsecount="0"/>
      </file>
    </package>
    <package name="ui.lib">
      <metrics statements="19" coveredstatements="19" conditionals="17" coveredconditionals="17" methods="7" coveredmethods="7"/>
      <file name="ui.js" path="/home/raz/dev/mrzl/packages/ui/lib/ui.js">
        <metrics statements="19" coveredstatements="19" conditionals="17" coveredconditionals="17" methods="7" coveredmethods="7"/>
        <line num="32" count="12" type="stmt"/>
        <line num="35" count="12" type="stmt"/>
        <line num="36" count="11" type="cond" truecount="2" falsecount="0"/>
        <line num="49" count="4" type="stmt"/>
        <line num="58" count="11" type="stmt"/>
        <line num="82" count="9" type="stmt"/>
        <line num="90" count="9" type="stmt"/>
        <line num="97" count="9" type="stmt"/>
        <line num="130" count="3" type="stmt"/>
        <line num="140" count="3" type="cond" truecount="4" falsecount="0"/>
        <line num="153" count="16" type="stmt"/>
        <line num="154" count="16" type="cond" truecount="1" falsecount="0"/>
        <line num="155" count="7" type="stmt"/>
        <line num="157" count="16" type="stmt"/>
        <line num="175" count="7" type="stmt"/>
        <line num="178" count="7" type="cond" truecount="2" falsecount="0"/>
        <line num="179" count="6" type="stmt"/>
        <line num="183" count="7" type="cond" truecount="2" falsecount="0"/>
        <line num="185" count="7" type="stmt"/>
      </file>
    </package>
  </project>
</coverage>
