{"/home/raz/dev/mrzl/packages/core/lib/core.js": {"path":"/home/raz/dev/mrzl/packages/core/lib/core.js","statementMap":{"0":{"start":{"line":13,"column":1},"end":{"line":13,"column":45}},"1":{"start":{"line":13,"column":38},"end":{"line":13,"column":45}},"2":{"start":{"line":14,"column":1},"end":{"line":14,"column":44}},"3":{"start":{"line":25,"column":1},"end":{"line":25,"column":59}},"4":{"start":{"line":35,"column":1},"end":{"line":35,"column":44}}},"fnMap":{"0":{"name":"capitalise","decl":{"start":{"line":12,"column":16},"end":{"line":12,"column":26}},"loc":{"start":{"line":12,"column":32},"end":{"line":15,"column":1}},"line":12},"1":{"name":"randomInt","decl":{"start":{"line":24,"column":16},"end":{"line":24,"column":25}},"loc":{"start":{"line":24,"column":42},"end":{"line":26,"column":1}},"line":24},"2":{"name":"undef","decl":{"start":{"line":34,"column":16},"end":{"line":34,"column":21}},"loc":{"start":{"line":34,"column":25},"end":{"line":36,"column":1}},"line":34}},"branchMap":{"0":{"loc":{"start":{"line":13,"column":1},"end":{"line":13,"column":45}},"type":"if","locations":[{"start":{"line":13,"column":1},"end":{"line":13,"column":45}},{"start":{"line":13,"column":1},"end":{"line":13,"column":45}}],"line":13},"1":{"loc":{"start":{"line":13,"column":5},"end":{"line":13,"column":36}},"type":"binary-expr","locations":[{"start":{"line":13,"column":5},"end":{"line":13,"column":9}},{"start":{"line":13,"column":13},"end":{"line":13,"column":36}}],"line":13},"2":{"loc":{"start":{"line":24,"column":26},"end":{"line":24,"column":32}},"type":"default-arg","locations":[{"start":{"line":24,"column":29},"end":{"line":24,"column":32}}],"line":24},"3":{"loc":{"start":{"line":24,"column":34},"end":{"line":24,"column":40}},"type":"default-arg","locations":[{"start":{"line":24,"column":39},"end":{"line":24,"column":40}}],"line":24},"4":{"loc":{"start":{"line":35,"column":8},"end":{"line":35,"column":43}},"type":"binary-expr","locations":[{"start":{"line":35,"column":9},"end":{"line":35,"column":33}},{"start":{"line":35,"column":38},"end":{"line":35,"column":43}}],"line":35}},"s":{"0":4,"1":3,"2":1,"3":2,"4":2},"f":{"0":4,"1":2,"2":2},"b":{"0":[3,1],"1":[4,3],"2":[1],"3":[1],"4":[2,1]},"_coverageSchema":"43e27e138ebf9cfc5966b082cf9a028302ed4184","hash":"0af7eb53ab435264492ff806215cbcaae6f48b72"}
,"/home/raz/dev/mrzl/packages/ui/lib/ui.js": {"path":"/home/raz/dev/mrzl/packages/ui/lib/ui.js","statementMap":{"0":{"start":{"line":32,"column":2},"end":{"line":32,"column":12}},"1":{"start":{"line":35,"column":2},"end":{"line":37,"column":3}},"2":{"start":{"line":36,"column":3},"end":{"line":36,"column":55}},"3":{"start":{"line":36,"column":38},"end":{"line":36,"column":55}},"4":{"start":{"line":49,"column":2},"end":{"line":49,"column":29}},"5":{"start":{"line":58,"column":2},"end":{"line":58,"column":29}},"6":{"start":{"line":82,"column":2},"end":{"line":82,"column":41}},"7":{"start":{"line":90,"column":2},"end":{"line":90,"column":43}},"8":{"start":{"line":97,"column":2},"end":{"line":97,"column":18}},"9":{"start":{"line":130,"column":2},"end":{"line":130,"column":34}},"10":{"start":{"line":140,"column":2},"end":{"line":140,"column":76}},"11":{"start":{"line":153,"column":23},"end":{"line":153,"column":27}},"12":{"start":{"line":154,"column":2},"end":{"line":156,"column":3}},"13":{"start":{"line":155,"column":19},"end":{"line":155,"column":46}},"14":{"start":{"line":157,"column":2},"end":{"line":157,"column":24}},"15":{"start":{"line":175,"column":23},"end":{"line":175,"column":63}},"16":{"start":{"line":178,"column":2},"end":{"line":180,"column":3}},"17":{"start":{"line":179,"column":3},"end":{"line":179,"column":74}},"18":{"start":{"line":183,"column":2},"end":{"line":183,"column":50}},"19":{"start":{"line":183,"column":23},"end":{"line":183,"column":50}},"20":{"start":{"line":185,"column":2},"end":{"line":185,"column":62}}},"fnMap":{"0":{"name":"(anonymous_0)","decl":{"start":{"line":29,"column":1},"end":{"line":29,"column":2}},"loc":{"start":{"line":29,"column":23},"end":{"line":39,"column":2}},"line":29},"1":{"name":"(anonymous_1)","decl":{"start":{"line":48,"column":1},"end":{"line":48,"column":2}},"loc":{"start":{"line":48,"column":16},"end":{"line":50,"column":2}},"line":48},"2":{"name":"(anonymous_2)","decl":{"start":{"line":57,"column":1},"end":{"line":57,"column":2}},"loc":{"start":{"line":57,"column":17},"end":{"line":59,"column":2}},"line":57},"3":{"name":"(anonymous_3)","decl":{"start":{"line":75,"column":1},"end":{"line":75,"column":2}},"loc":{"start":{"line":75,"column":25},"end":{"line":99,"column":2}},"line":75},"4":{"name":"(anonymous_4)","decl":{"start":{"line":118,"column":1},"end":{"line":118,"column":2}},"loc":{"start":{"line":118,"column":36},"end":{"line":142,"column":2}},"line":118},"5":{"name":"(anonymous_5)","decl":{"start":{"line":152,"column":1},"end":{"line":152,"column":2}},"loc":{"start":{"line":152,"column":32},"end":{"line":158,"column":2}},"line":152},"6":{"name":"(anonymous_6)","decl":{"start":{"line":172,"column":1},"end":{"line":172,"column":2}},"loc":{"start":{"line":172,"column":30},"end":{"line":187,"column":2}},"line":172}},"branchMap":{"0":{"loc":{"start":{"line":29,"column":13},"end":{"line":29,"column":21}},"type":"default-arg","locations":[{"start":{"line":29,"column":19},"end":{"line":29,"column":21}}],"line":29},"1":{"loc":{"start":{"line":36,"column":3},"end":{"line":36,"column":55}},"type":"if","locations":[{"start":{"line":36,"column":3},"end":{"line":36,"column":55}},{"start":{"line":36,"column":3},"end":{"line":36,"column":55}}],"line":36},"2":{"loc":{"start":{"line":75,"column":13},"end":{"line":75,"column":23}},"type":"default-arg","locations":[{"start":{"line":75,"column":21},"end":{"line":75,"column":23}}],"line":75},"3":{"loc":{"start":{"line":118,"column":13},"end":{"line":118,"column":23}},"type":"default-arg","locations":[{"start":{"line":118,"column":21},"end":{"line":118,"column":23}}],"line":118},"4":{"loc":{"start":{"line":118,"column":25},"end":{"line":118,"column":34}},"type":"default-arg","locations":[{"start":{"line":118,"column":32},"end":{"line":118,"column":34}}],"line":118},"5":{"loc":{"start":{"line":140,"column":22},"end":{"line":140,"column":75}},"type":"cond-expr","locations":[{"start":{"line":140,"column":59},"end":{"line":140,"column":63}},{"start":{"line":140,"column":66},"end":{"line":140,"column":75}}],"line":140},"6":{"loc":{"start":{"line":140,"column":23},"end":{"line":140,"column":55}},"type":"binary-expr","locations":[{"start":{"line":140,"column":23},"end":{"line":140,"column":27}},{"start":{"line":140,"column":31},"end":{"line":140,"column":55}}],"line":140},"7":{"loc":{"start":{"line":154,"column":2},"end":{"line":156,"column":3}},"type":"switch","locations":[{"start":{"line":155,"column":3},"end":{"line":155,"column":46}}],"line":154},"8":{"loc":{"start":{"line":172,"column":7},"end":{"line":172,"column":17}},"type":"default-arg","locations":[{"start":{"line":172,"column":15},"end":{"line":172,"column":17}}],"line":172},"9":{"loc":{"start":{"line":172,"column":19},"end":{"line":172,"column":28}},"type":"default-arg","locations":[{"start":{"line":172,"column":26},"end":{"line":172,"column":28}}],"line":172},"10":{"loc":{"start":{"line":178,"column":2},"end":{"line":180,"column":3}},"type":"if","locations":[{"start":{"line":178,"column":2},"end":{"line":180,"column":3}},{"start":{"line":178,"column":2},"end":{"line":180,"column":3}}],"line":178},"11":{"loc":{"start":{"line":183,"column":2},"end":{"line":183,"column":50}},"type":"if","locations":[{"start":{"line":183,"column":2},"end":{"line":183,"column":50}},{"start":{"line":183,"column":2},"end":{"line":183,"column":50}}],"line":183}},"s":{"0":12,"1":12,"2":11,"3":3,"4":4,"5":11,"6":9,"7":9,"8":9,"9":3,"10":3,"11":16,"12":16,"13":7,"14":16,"15":7,"16":7,"17":6,"18":7,"19":1,"20":7},"f":{"0":12,"1":4,"2":11,"3":9,"4":3,"5":16,"6":7},"b":{"0":[1],"1":[3,8],"2":[1],"3":[1],"4":[1],"5":[2,1],"6":[3,2],"7":[7],"8":[3],"9":[6],"10":[6,1],"11":[1,6]},"_coverageSchema":"43e27e138ebf9cfc5966b082cf9a028302ed4184","hash":"dc94be9802fa3d74dc58d3f0dfcb1a7771c1a016"}
}
