{"/home/raz/mnt/forge/code/rzl-tsdx/src/array.ts": {"path":"/home/raz/mnt/forge/code/rzl-tsdx/src/array.ts","statementMap":{"0":{"start":{"line":6,"column":0},"end":{"line":6,"column":31}},"1":{"start":{"line":15,"column":2},"end":{"line":15,"column":47}},"2":{"start":{"line":15,"column":30},"end":{"line":15,"column":46}},"3":{"start":{"line":14,"column":0},"end":{"line":14,"column":16}},"4":{"start":{"line":25,"column":2},"end":{"line":25,"column":47}},"5":{"start":{"line":25,"column":30},"end":{"line":25,"column":46}},"6":{"start":{"line":24,"column":0},"end":{"line":24,"column":16}},"7":{"start":{"line":35,"column":2},"end":{"line":35,"column":37}},"8":{"start":{"line":34,"column":0},"end":{"line":34,"column":16}}},"fnMap":{"0":{"name":"arrayLargest","decl":{"start":{"line":14,"column":16},"end":{"line":14,"column":28}},"loc":{"start":{"line":14,"column":42},"end":{"line":16,"column":1}}},"1":{"name":"(anonymous_1)","decl":{"start":{"line":15,"column":20},"end":{"line":15,"column":21}},"loc":{"start":{"line":15,"column":25},"end":{"line":15,"column":31}}},"2":{"name":"arraySmallest","decl":{"start":{"line":24,"column":16},"end":{"line":24,"column":29}},"loc":{"start":{"line":24,"column":43},"end":{"line":26,"column":1}}},"3":{"name":"(anonymous_3)","decl":{"start":{"line":25,"column":20},"end":{"line":25,"column":21}},"loc":{"start":{"line":25,"column":25},"end":{"line":25,"column":31}}},"4":{"name":"arrayRandom","decl":{"start":{"line":34,"column":16},"end":{"line":34,"column":27}},"loc":{"start":{"line":34,"column":38},"end":{"line":36,"column":1}}}},"branchMap":{"0":{"loc":{"start":{"line":15,"column":39},"end":{"line":15,"column":40}},"type":"cond-expr","locations":[{"start":{"line":15,"column":39},"end":{"line":15,"column":40}},{"start":{"line":15,"column":43},"end":{"line":15,"column":44}}]},"1":{"loc":{"start":{"line":25,"column":39},"end":{"line":25,"column":40}},"type":"cond-expr","locations":[{"start":{"line":25,"column":39},"end":{"line":25,"column":40}},{"start":{"line":25,"column":43},"end":{"line":25,"column":44}}]}},"s":{"0":0,"1":0,"2":0,"3":0,"4":0,"5":0,"6":0,"7":0,"8":0},"f":{"0":0,"1":0,"2":0,"3":0,"4":0},"b":{"0":[0,0],"1":[0,0]}}
,"/home/raz/mnt/forge/code/rzl-tsdx/src/component.ts": {"path":"/home/raz/mnt/forge/code/rzl-tsdx/src/component.ts","statementMap":{"0":{"start":{"line":7,"column":0},"end":{"line":7,"column":59}},"1":{"start":{"line":18,"column":0},"end":{"line":18,"column":13}},"2":{"start":{"line":20,"column":2},"end":{"line":20,"column":39}},"3":{"start":{"line":22,"column":2},"end":{"line":22,"column":39}},"4":{"start":{"line":26,"column":17},"end":{"line":26,"column":29}},"5":{"start":{"line":27,"column":4},"end":{"line":27,"column":56}},"6":{"start":{"line":27,"column":17},"end":{"line":27,"column":56}},"7":{"start":{"line":28,"column":4},"end":{"line":28,"column":40}},"8":{"start":{"line":28,"column":17},"end":{"line":28,"column":40}},"9":{"start":{"line":30,"column":4},"end":{"line":30,"column":38}},"10":{"start":{"line":31,"column":4},"end":{"line":31,"column":46}},"11":{"start":{"line":32,"column":4},"end":{"line":32,"column":58}},"12":{"start":{"line":33,"column":4},"end":{"line":33,"column":52}},"13":{"start":{"line":34,"column":4},"end":{"line":34,"column":51}},"14":{"start":{"line":38,"column":2},"end":{"line":41,"column":null}},"15":{"start":{"line":39,"column":4},"end":{"line":39,"column":34}},"16":{"start":{"line":40,"column":4},"end":{"line":40,"column":40}},"17":{"start":{"line":43,"column":4},"end":{"line":43,"column":34}},"18":{"start":{"line":44,"column":4},"end":{"line":44,"column":44}},"19":{"start":{"line":45,"column":4},"end":{"line":45,"column":37}},"20":{"start":{"line":46,"column":4},"end":{"line":46,"column":33}},"21":{"start":{"line":50,"column":2},"end":{"line":53,"column":null}},"22":{"start":{"line":51,"column":4},"end":{"line":51,"column":32}},"23":{"start":{"line":52,"column":4},"end":{"line":52,"column":38}},"24":{"start":{"line":55,"column":4},"end":{"line":55,"column":32}},"25":{"start":{"line":56,"column":4},"end":{"line":56,"column":40}},"26":{"start":{"line":57,"column":4},"end":{"line":57,"column":39}},"27":{"start":{"line":58,"column":4},"end":{"line":58,"column":31}},"28":{"start":{"line":61,"column":2},"end":{"line":64,"column":null}},"29":{"start":{"line":62,"column":4},"end":{"line":62,"column":30}},"30":{"start":{"line":63,"column":4},"end":{"line":63,"column":36}},"31":{"start":{"line":66,"column":4},"end":{"line":66,"column":30}},"32":{"start":{"line":67,"column":4},"end":{"line":67,"column":36}},"33":{"start":{"line":68,"column":4},"end":{"line":68,"column":29}},"34":{"start":{"line":72,"column":2},"end":{"line":75,"column":null}},"35":{"start":{"line":73,"column":4},"end":{"line":73,"column":29}},"36":{"start":{"line":74,"column":4},"end":{"line":74,"column":35}},"37":{"start":{"line":77,"column":4},"end":{"line":77,"column":29}},"38":{"start":{"line":78,"column":4},"end":{"line":78,"column":34}},"39":{"start":{"line":79,"column":4},"end":{"line":79,"column":28}},"40":{"start":{"line":83,"column":2},"end":{"line":86,"column":null}},"41":{"start":{"line":84,"column":4},"end":{"line":84,"column":31}},"42":{"start":{"line":85,"column":4},"end":{"line":85,"column":37}},"43":{"start":{"line":88,"column":4},"end":{"line":88,"column":31}},"44":{"start":{"line":89,"column":4},"end":{"line":89,"column":38}},"45":{"start":{"line":90,"column":4},"end":{"line":90,"column":30}},"46":{"start":{"line":94,"column":2},"end":{"line":97,"column":null}},"47":{"start":{"line":95,"column":4},"end":{"line":95,"column":29}},"48":{"start":{"line":96,"column":4},"end":{"line":96,"column":35}},"49":{"start":{"line":99,"column":4},"end":{"line":99,"column":29}},"50":{"start":{"line":100,"column":4},"end":{"line":100,"column":34}},"51":{"start":{"line":101,"column":4},"end":{"line":101,"column":28}},"52":{"start":{"line":105,"column":2},"end":{"line":136,"column":null}},"53":{"start":{"line":106,"column":4},"end":{"line":106,"column":27}},"54":{"start":{"line":109,"column":4},"end":{"line":113,"column":7}},"55":{"start":{"line":116,"column":17},"end":{"line":131,"column":5}},"56":{"start":{"line":117,"column":18},"end":{"line":117,"column":33}},"57":{"start":{"line":119,"column":17},"end":{"line":128,"column":8}},"58":{"start":{"line":130,"column":6},"end":{"line":130,"column":67}},"59":{"start":{"line":130,"column":50},"end":{"line":130,"column":66}},"60":{"start":{"line":132,"column":4},"end":{"line":132,"column":36}},"61":{"start":{"line":135,"column":4},"end":{"line":135,"column":26}},"62":{"start":{"line":139,"column":2},"end":{"line":143,"column":null}},"63":{"start":{"line":140,"column":4},"end":{"line":140,"column":29}},"64":{"start":{"line":141,"column":4},"end":{"line":141,"column":30}},"65":{"start":{"line":142,"column":4},"end":{"line":142,"column":28}},"66":{"start":{"line":146,"column":2},"end":{"line":150,"column":null}},"67":{"start":{"line":147,"column":4},"end":{"line":147,"column":26}},"68":{"start":{"line":148,"column":4},"end":{"line":148,"column":45}},"69":{"start":{"line":149,"column":4},"end":{"line":149,"column":25}},"70":{"start":{"line":153,"column":2},"end":{"line":157,"column":null}},"71":{"start":{"line":154,"column":4},"end":{"line":154,"column":26}},"72":{"start":{"line":155,"column":4},"end":{"line":155,"column":42}},"73":{"start":{"line":156,"column":4},"end":{"line":156,"column":25}},"74":{"start":{"line":160,"column":2},"end":{"line":162,"column":null}},"75":{"start":{"line":161,"column":4},"end":{"line":161,"column":53}},"76":{"start":{"line":161,"column":30},"end":{"line":161,"column":53}},"77":{"start":{"line":163,"column":0},"end":{"line":163,"column":null}},"78":{"start":{"line":18,"column":13},"end":{"line":18,"column":22}}},"fnMap":{"0":{"name":"(anonymous_0)","decl":{"start":{"line":18,"column":0},"end":{"line":18,"column":13}},"loc":{"start":{"line":18,"column":0},"end":{"line":163,"column":null}}},"1":{"name":"Component","decl":{"start":{"line":25,"column":2},"end":{"line":25,"column":14}},"loc":{"start":{"line":25,"column":33},"end":{"line":35,"column":3}}},"2":{"name":"(anonymous_2)","decl":{"start":{"line":38,"column":2},"end":{"line":38,"column":6}},"loc":{"start":{"line":38,"column":2},"end":{"line":41,"column":3}}},"3":{"name":"(anonymous_3)","decl":{"start":{"line":42,"column":2},"end":{"line":42,"column":16}},"loc":{"start":{"line":42,"column":36},"end":{"line":47,"column":3}}},"4":{"name":"(anonymous_4)","decl":{"start":{"line":50,"column":2},"end":{"line":50,"column":6}},"loc":{"start":{"line":50,"column":2},"end":{"line":53,"column":3}}},"5":{"name":"(anonymous_5)","decl":{"start":{"line":54,"column":2},"end":{"line":54,"column":14}},"loc":{"start":{"line":54,"column":29},"end":{"line":59,"column":3}}},"6":{"name":"(anonymous_6)","decl":{"start":{"line":61,"column":2},"end":{"line":61,"column":6}},"loc":{"start":{"line":61,"column":2},"end":{"line":64,"column":3}}},"7":{"name":"(anonymous_7)","decl":{"start":{"line":65,"column":2},"end":{"line":65,"column":12}},"loc":{"start":{"line":65,"column":22},"end":{"line":69,"column":3}}},"8":{"name":"(anonymous_8)","decl":{"start":{"line":72,"column":2},"end":{"line":72,"column":6}},"loc":{"start":{"line":72,"column":2},"end":{"line":75,"column":3}}},"9":{"name":"(anonymous_9)","decl":{"start":{"line":76,"column":2},"end":{"line":76,"column":11}},"loc":{"start":{"line":76,"column":23},"end":{"line":80,"column":3}}},"10":{"name":"(anonymous_10)","decl":{"start":{"line":83,"column":2},"end":{"line":83,"column":6}},"loc":{"start":{"line":83,"column":2},"end":{"line":86,"column":3}}},"11":{"name":"(anonymous_11)","decl":{"start":{"line":87,"column":2},"end":{"line":87,"column":13}},"loc":{"start":{"line":87,"column":32},"end":{"line":91,"column":3}}},"12":{"name":"(anonymous_12)","decl":{"start":{"line":94,"column":2},"end":{"line":94,"column":6}},"loc":{"start":{"line":94,"column":2},"end":{"line":97,"column":3}}},"13":{"name":"(anonymous_13)","decl":{"start":{"line":98,"column":2},"end":{"line":98,"column":11}},"loc":{"start":{"line":98,"column":15},"end":{"line":102,"column":3}}},"14":{"name":"(anonymous_14)","decl":{"start":{"line":105,"column":2},"end":{"line":105,"column":7}},"loc":{"start":{"line":105,"column":2},"end":{"line":136,"column":3}}},"15":{"name":"(anonymous_15)","decl":{"start":{"line":116,"column":17},"end":{"line":116,"column":18}},"loc":{"start":{"line":116,"column":40},"end":{"line":131,"column":5}}},"16":{"name":"(anonymous_16)","decl":{"start":{"line":130,"column":34},"end":{"line":130,"column":35}},"loc":{"start":{"line":130,"column":45},"end":{"line":130,"column":54}}},"17":{"name":"(anonymous_17)","decl":{"start":{"line":139,"column":2},"end":{"line":139,"column":9}},"loc":{"start":{"line":139,"column":2},"end":{"line":143,"column":3}}},"18":{"name":"(anonymous_18)","decl":{"start":{"line":146,"column":2},"end":{"line":146,"column":6}},"loc":{"start":{"line":146,"column":2},"end":{"line":150,"column":3}}},"19":{"name":"(anonymous_19)","decl":{"start":{"line":153,"column":2},"end":{"line":153,"column":6}},"loc":{"start":{"line":153,"column":2},"end":{"line":157,"column":3}}},"20":{"name":"(anonymous_20)","decl":{"start":{"line":160,"column":2},"end":{"line":160,"column":6}},"loc":{"start":{"line":160,"column":19},"end":{"line":162,"column":3}}}},"branchMap":{"0":{"loc":{"start":{"line":26,"column":21},"end":{"line":26,"column":23}},"type":"cond-expr","locations":[{"start":{"line":26,"column":21},"end":{"line":26,"column":23}},{"start":{"line":26,"column":17},"end":{"line":26,"column":29}}]},"1":{"loc":{"start":{"line":26,"column":17},"end":{"line":26,"column":23}},"type":"binary-expr","locations":[{"start":{"line":26,"column":17},"end":{"line":26,"column":23}},{"start":{"line":26,"column":17},"end":{"line":26,"column":23}}]},"2":{"loc":{"start":{"line":27,"column":4},"end":{"line":27,"column":56}},"type":"if","locations":[{"start":{"line":27,"column":4},"end":{"line":27,"column":56}},{"start":{"line":27,"column":4},"end":{"line":27,"column":56}}]},"3":{"loc":{"start":{"line":27,"column":47},"end":{"line":27,"column":49}},"type":"cond-expr","locations":[{"start":{"line":27,"column":47},"end":{"line":27,"column":49}},{"start":{"line":27,"column":47},"end":{"line":27,"column":55}}]},"4":{"loc":{"start":{"line":27,"column":23},"end":{"line":27,"column":49}},"type":"binary-expr","locations":[{"start":{"line":27,"column":23},"end":{"line":27,"column":49}},{"start":{"line":27,"column":47},"end":{"line":27,"column":49}}]},"5":{"loc":{"start":{"line":27,"column":41},"end":{"line":27,"column":43}},"type":"cond-expr","locations":[{"start":{"line":27,"column":41},"end":{"line":27,"column":43}},{"start":{"line":27,"column":41},"end":{"line":27,"column":47}}]},"6":{"loc":{"start":{"line":27,"column":23},"end":{"line":27,"column":43}},"type":"binary-expr","locations":[{"start":{"line":27,"column":23},"end":{"line":27,"column":43}},{"start":{"line":27,"column":41},"end":{"line":27,"column":43}}]},"7":{"loc":{"start":{"line":27,"column":30},"end":{"line":27,"column":32}},"type":"cond-expr","locations":[{"start":{"line":27,"column":30},"end":{"line":27,"column":32}},{"start":{"line":27,"column":26},"end":{"line":27,"column":41}}]},"8":{"loc":{"start":{"line":27,"column":26},"end":{"line":27,"column":32}},"type":"binary-expr","locations":[{"start":{"line":27,"column":26},"end":{"line":27,"column":32}},{"start":{"line":27,"column":26},"end":{"line":27,"column":32}}]},"9":{"loc":{"start":{"line":28,"column":4},"end":{"line":28,"column":40}},"type":"if","locations":[{"start":{"line":28,"column":4},"end":{"line":28,"column":40}},{"start":{"line":28,"column":4},"end":{"line":28,"column":40}}]},"10":{"loc":{"start":{"line":31,"column":28},"end":{"line":31,"column":38}},"type":"binary-expr","locations":[{"start":{"line":31,"column":28},"end":{"line":31,"column":38}},{"start":{"line":31,"column":42},"end":{"line":31,"column":44}}]},"11":{"loc":{"start":{"line":31,"column":32},"end":{"line":31,"column":34}},"type":"cond-expr","locations":[{"start":{"line":31,"column":32},"end":{"line":31,"column":34}},{"start":{"line":31,"column":28},"end":{"line":31,"column":38}}]},"12":{"loc":{"start":{"line":31,"column":28},"end":{"line":31,"column":34}},"type":"binary-expr","locations":[{"start":{"line":31,"column":28},"end":{"line":31,"column":34}},{"start":{"line":31,"column":28},"end":{"line":31,"column":34}}]},"13":{"loc":{"start":{"line":32,"column":33},"end":{"line":32,"column":48}},"type":"binary-expr","locations":[{"start":{"line":32,"column":33},"end":{"line":32,"column":48}},{"start":{"line":32,"column":52},"end":{"line":32,"column":56}}]},"14":{"loc":{"start":{"line":32,"column":37},"end":{"line":32,"column":39}},"type":"cond-expr","locations":[{"start":{"line":32,"column":37},"end":{"line":32,"column":39}},{"start":{"line":32,"column":33},"end":{"line":32,"column":48}}]},"15":{"loc":{"start":{"line":32,"column":33},"end":{"line":32,"column":39}},"type":"binary-expr","locations":[{"start":{"line":32,"column":33},"end":{"line":32,"column":39}},{"start":{"line":32,"column":33},"end":{"line":32,"column":39}}]},"16":{"loc":{"start":{"line":33,"column":31},"end":{"line":33,"column":44}},"type":"binary-expr","locations":[{"start":{"line":33,"column":31},"end":{"line":33,"column":44}},{"start":{"line":33,"column":48},"end":{"line":33,"column":50}}]},"17":{"loc":{"start":{"line":33,"column":35},"end":{"line":33,"column":37}},"type":"cond-expr","locations":[{"start":{"line":33,"column":35},"end":{"line":33,"column":37}},{"start":{"line":33,"column":31},"end":{"line":33,"column":44}}]},"18":{"loc":{"start":{"line":33,"column":31},"end":{"line":33,"column":37}},"type":"binary-expr","locations":[{"start":{"line":33,"column":31},"end":{"line":33,"column":37}},{"start":{"line":33,"column":31},"end":{"line":33,"column":37}}]},"19":{"loc":{"start":{"line":34,"column":41},"end":{"line":34,"column":43}},"type":"cond-expr","locations":[{"start":{"line":34,"column":41},"end":{"line":34,"column":43}},{"start":{"line":34,"column":37},"end":{"line":34,"column":48}}]},"20":{"loc":{"start":{"line":34,"column":37},"end":{"line":34,"column":43}},"type":"binary-expr","locations":[{"start":{"line":34,"column":37},"end":{"line":34,"column":43}},{"start":{"line":34,"column":37},"end":{"line":34,"column":43}}]},"21":{"loc":{"start":{"line":117,"column":18},"end":{"line":117,"column":24}},"type":"binary-expr","locations":[{"start":{"line":117,"column":18},"end":{"line":117,"column":24}},{"start":{"line":117,"column":28},"end":{"line":117,"column":33}}]},"22":{"loc":{"start":{"line":117,"column":19},"end":{"line":117,"column":21}},"type":"cond-expr","locations":[{"start":{"line":117,"column":19},"end":{"line":117,"column":21}},{"start":{"line":117,"column":18},"end":{"line":117,"column":24}}]},"23":{"loc":{"start":{"line":117,"column":18},"end":{"line":117,"column":21}},"type":"binary-expr","locations":[{"start":{"line":117,"column":18},"end":{"line":117,"column":21}},{"start":{"line":117,"column":18},"end":{"line":117,"column":21}}]},"24":{"loc":{"start":{"line":122,"column":12},"end":{"line":122,"column":17}},"type":"binary-expr","locations":[{"start":{"line":122,"column":12},"end":{"line":122,"column":17}},{"start":{"line":122,"column":21},"end":{"line":122,"column":23}}]},"25":{"loc":{"start":{"line":122,"column":13},"end":{"line":122,"column":15}},"type":"cond-expr","locations":[{"start":{"line":122,"column":13},"end":{"line":122,"column":15}},{"start":{"line":122,"column":12},"end":{"line":122,"column":17}}]},"26":{"loc":{"start":{"line":122,"column":12},"end":{"line":122,"column":15}},"type":"binary-expr","locations":[{"start":{"line":122,"column":12},"end":{"line":122,"column":15}},{"start":{"line":122,"column":12},"end":{"line":122,"column":15}}]},"27":{"loc":{"start":{"line":123,"column":15},"end":{"line":123,"column":23}},"type":"binary-expr","locations":[{"start":{"line":123,"column":15},"end":{"line":123,"column":23}},{"start":{"line":123,"column":27},"end":{"line":123,"column":29}}]},"28":{"loc":{"start":{"line":123,"column":16},"end":{"line":123,"column":18}},"type":"cond-expr","locations":[{"start":{"line":123,"column":16},"end":{"line":123,"column":18}},{"start":{"line":123,"column":15},"end":{"line":123,"column":23}}]},"29":{"loc":{"start":{"line":123,"column":15},"end":{"line":123,"column":18}},"type":"binary-expr","locations":[{"start":{"line":123,"column":15},"end":{"line":123,"column":18}},{"start":{"line":123,"column":15},"end":{"line":123,"column":18}}]},"30":{"loc":{"start":{"line":124,"column":17},"end":{"line":124,"column":27}},"type":"binary-expr","locations":[{"start":{"line":124,"column":17},"end":{"line":124,"column":27}},{"start":{"line":124,"column":31},"end":{"line":124,"column":33}}]},"31":{"loc":{"start":{"line":124,"column":18},"end":{"line":124,"column":20}},"type":"cond-expr","locations":[{"start":{"line":124,"column":18},"end":{"line":124,"column":20}},{"start":{"line":124,"column":17},"end":{"line":124,"column":27}}]},"32":{"loc":{"start":{"line":124,"column":17},"end":{"line":124,"column":20}},"type":"binary-expr","locations":[{"start":{"line":124,"column":17},"end":{"line":124,"column":20}},{"start":{"line":124,"column":17},"end":{"line":124,"column":20}}]},"33":{"loc":{"start":{"line":125,"column":15},"end":{"line":125,"column":23}},"type":"binary-expr","locations":[{"start":{"line":125,"column":15},"end":{"line":125,"column":23}},{"start":{"line":125,"column":27},"end":{"line":125,"column":29}}]},"34":{"loc":{"start":{"line":125,"column":16},"end":{"line":125,"column":18}},"type":"cond-expr","locations":[{"start":{"line":125,"column":16},"end":{"line":125,"column":18}},{"start":{"line":125,"column":15},"end":{"line":125,"column":23}}]},"35":{"loc":{"start":{"line":125,"column":15},"end":{"line":125,"column":18}},"type":"binary-expr","locations":[{"start":{"line":125,"column":15},"end":{"line":125,"column":18}},{"start":{"line":125,"column":15},"end":{"line":125,"column":18}}]},"36":{"loc":{"start":{"line":126,"column":16},"end":{"line":126,"column":25}},"type":"binary-expr","locations":[{"start":{"line":126,"column":16},"end":{"line":126,"column":25}},{"start":{"line":126,"column":29},"end":{"line":126,"column":31}}]},"37":{"loc":{"start":{"line":126,"column":17},"end":{"line":126,"column":19}},"type":"cond-expr","locations":[{"start":{"line":126,"column":17},"end":{"line":126,"column":19}},{"start":{"line":126,"column":16},"end":{"line":126,"column":25}}]},"38":{"loc":{"start":{"line":126,"column":16},"end":{"line":126,"column":19}},"type":"binary-expr","locations":[{"start":{"line":126,"column":16},"end":{"line":126,"column":19}},{"start":{"line":126,"column":16},"end":{"line":126,"column":19}}]},"39":{"loc":{"start":{"line":127,"column":15},"end":{"line":127,"column":23}},"type":"binary-expr","locations":[{"start":{"line":127,"column":15},"end":{"line":127,"column":23}},{"start":{"line":127,"column":27},"end":{"line":127,"column":29}}]},"40":{"loc":{"start":{"line":127,"column":16},"end":{"line":127,"column":18}},"type":"cond-expr","locations":[{"start":{"line":127,"column":16},"end":{"line":127,"column":18}},{"start":{"line":127,"column":15},"end":{"line":127,"column":23}}]},"41":{"loc":{"start":{"line":127,"column":15},"end":{"line":127,"column":18}},"type":"binary-expr","locations":[{"start":{"line":127,"column":15},"end":{"line":127,"column":18}},{"start":{"line":127,"column":15},"end":{"line":127,"column":18}}]},"42":{"loc":{"start":{"line":130,"column":7},"end":{"line":130,"column":18}},"type":"binary-expr","locations":[{"start":{"line":130,"column":7},"end":{"line":130,"column":18}},{"start":{"line":130,"column":22},"end":{"line":130,"column":24}}]},"43":{"loc":{"start":{"line":130,"column":8},"end":{"line":130,"column":10}},"type":"cond-expr","locations":[{"start":{"line":130,"column":8},"end":{"line":130,"column":10}},{"start":{"line":130,"column":7},"end":{"line":130,"column":18}}]},"44":{"loc":{"start":{"line":130,"column":7},"end":{"line":130,"column":10}},"type":"binary-expr","locations":[{"start":{"line":130,"column":7},"end":{"line":130,"column":10}},{"start":{"line":130,"column":7},"end":{"line":130,"column":10}}]},"45":{"loc":{"start":{"line":161,"column":4},"end":{"line":161,"column":53}},"type":"if","locations":[{"start":{"line":161,"column":4},"end":{"line":161,"column":53}},{"start":{"line":161,"column":4},"end":{"line":161,"column":53}}]}},"s":{"0":0,"1":0,"2":0,"3":0,"4":0,"5":0,"6":0,"7":0,"8":0,"9":0,"10":0,"11":0,"12":0,"13":0,"14":0,"15":0,"16":0,"17":0,"18":0,"19":0,"20":0,"21":0,"22":0,"23":0,"24":0,"25":0,"26":0,"27":0,"28":0,"29":0,"30":0,"31":0,"32":0,"33":0,"34":0,"35":0,"36":0,"37":0,"38":0,"39":0,"40":0,"41":0,"42":0,"43":0,"44":0,"45":0,"46":0,"47":0,"48":0,"49":0,"50":0,"51":0,"52":0,"53":0,"54":0,"55":0,"56":0,"57":0,"58":0,"59":0,"60":0,"61":0,"62":0,"63":0,"64":0,"65":0,"66":0,"67":0,"68":0,"69":0,"70":0,"71":0,"72":0,"73":0,"74":0,"75":0,"76":0,"77":0,"78":0},"f":{"0":0,"1":0,"2":0,"3":0,"4":0,"5":0,"6":0,"7":0,"8":0,"9":0,"10":0,"11":0,"12":0,"13":0,"14":0,"15":0,"16":0,"17":0,"18":0,"19":0,"20":0},"b":{"0":[0,0],"1":[0,0],"2":[0,0],"3":[0,0],"4":[0,0],"5":[0,0],"6":[0,0],"7":[0,0],"8":[0,0],"9":[0,0],"10":[0,0],"11":[0,0],"12":[0,0],"13":[0,0],"14":[0,0],"15":[0,0],"16":[0,0],"17":[0,0],"18":[0,0],"19":[0,0],"20":[0,0],"21":[0,0],"22":[0,0],"23":[0,0],"24":[0,0],"25":[0,0],"26":[0,0],"27":[0,0],"28":[0,0],"29":[0,0],"30":[0,0],"31":[0,0],"32":[0,0],"33":[0,0],"34":[0,0],"35":[0,0],"36":[0,0],"37":[0,0],"38":[0,0],"39":[0,0],"40":[0,0],"41":[0,0],"42":[0,0],"43":[0,0],"44":[0,0],"45":[0,0]}}
,"/home/raz/mnt/forge/code/rzl-tsdx/src/dom.ts": {"path":"/home/raz/mnt/forge/code/rzl-tsdx/src/dom.ts","statementMap":{"0":{"start":{"line":6,"column":0},"end":{"line":6,"column":49}},"1":{"start":{"line":47,"column":14},"end":{"line":47,"column":46}},"2":{"start":{"line":49,"column":2},"end":{"line":49,"column":32}},"3":{"start":{"line":49,"column":15},"end":{"line":49,"column":32}},"4":{"start":{"line":50,"column":2},"end":{"line":50,"column":45}},"5":{"start":{"line":50,"column":18},"end":{"line":50,"column":45}},"6":{"start":{"line":51,"column":2},"end":{"line":51,"column":49}},"7":{"start":{"line":51,"column":20},"end":{"line":51,"column":49}},"8":{"start":{"line":52,"column":2},"end":{"line":52,"column":44}},"9":{"start":{"line":52,"column":18},"end":{"line":52,"column":44}},"10":{"start":{"line":53,"column":2},"end":{"line":53,"column":77}},"11":{"start":{"line":53,"column":49},"end":{"line":53,"column":75}},"12":{"start":{"line":54,"column":2},"end":{"line":54,"column":69}},"13":{"start":{"line":54,"column":44},"end":{"line":54,"column":45}},"14":{"start":{"line":54,"column":46},"end":{"line":54,"column":48}},"15":{"start":{"line":54,"column":49},"end":{"line":54,"column":50}},"16":{"start":{"line":54,"column":55},"end":{"line":54,"column":68}},"17":{"start":{"line":55,"column":2},"end":{"line":55,"column":26}},"18":{"start":{"line":57,"column":2},"end":{"line":57,"column":13}},"19":{"start":{"line":46,"column":0},"end":{"line":46,"column":16}},"20":{"start":{"line":74,"column":2},"end":{"line":74,"column":45}},"21":{"start":{"line":73,"column":0},"end":{"line":73,"column":16}},"22":{"start":{"line":86,"column":19},"end":{"line":86,"column":60}},"23":{"start":{"line":87,"column":2},"end":{"line":87,"column":60}},"24":{"start":{"line":87,"column":33},"end":{"line":87,"column":45}},"25":{"start":{"line":85,"column":0},"end":{"line":85,"column":16}},"26":{"start":{"line":97,"column":38},"end":{"line":97,"column":40}},"27":{"start":{"line":97,"column":44},"end":{"line":97,"column":46}},"28":{"start":{"line":97,"column":51},"end":{"line":97,"column":75}},"29":{"start":{"line":98,"column":2},"end":{"line":98,"column":50}},"30":{"start":{"line":98,"column":29},"end":{"line":98,"column":50}},"31":{"start":{"line":99,"column":2},"end":{"line":102,"column":5}},"32":{"start":{"line":99,"column":32},"end":{"line":99,"column":33}},"33":{"start":{"line":99,"column":38},"end":{"line":99,"column":40}},"34":{"start":{"line":99,"column":47},"end":{"line":99,"column":48}},"35":{"start":{"line":100,"column":14},"end":{"line":100,"column":72}},"36":{"start":{"line":101,"column":4},"end":{"line":101,"column":22}},"37":{"start":{"line":97,"column":0},"end":{"line":97,"column":16}},"38":{"start":{"line":112,"column":2},"end":{"line":117,"column":null}},"39":{"start":{"line":112,"column":23},"end":{"line":112,"column":50}},"40":{"start":{"line":113,"column":7},"end":{"line":117,"column":null}},"41":{"start":{"line":114,"column":4},"end":{"line":116,"column":7}},"42":{"start":{"line":114,"column":35},"end":{"line":114,"column":36}},"43":{"start":{"line":114,"column":39},"end":{"line":114,"column":41}},"44":{"start":{"line":114,"column":46},"end":{"line":114,"column":47}},"45":{"start":{"line":115,"column":6},"end":{"line":115,"column":34}},"46":{"start":{"line":111,"column":0},"end":{"line":111,"column":16}},"47":{"start":{"line":126,"column":2},"end":{"line":126,"column":70}},"48":{"start":{"line":126,"column":32},"end":{"line":126,"column":70}},"49":{"start":{"line":125,"column":0},"end":{"line":125,"column":16}},"50":{"start":{"line":135,"column":2},"end":{"line":135,"column":38}},"51":{"start":{"line":134,"column":0},"end":{"line":134,"column":16}}},"fnMap":{"0":{"name":"addElement","decl":{"start":{"line":46,"column":16},"end":{"line":46,"column":26}},"loc":{"start":{"line":46,"column":47},"end":{"line":58,"column":1}}},"1":{"name":"(anonymous_1)","decl":{"start":{"line":53,"column":44},"end":{"line":53,"column":45}},"loc":{"start":{"line":53,"column":45},"end":{"line":53,"column":52}}},"2":{"name":"(anonymous_2)","decl":{"start":{"line":54,"column":43},"end":{"line":54,"column":44}},"loc":{"start":{"line":54,"column":50},"end":{"line":54,"column":56}}},"3":{"name":"addDiv","decl":{"start":{"line":73,"column":16},"end":{"line":73,"column":22}},"loc":{"start":{"line":73,"column":39},"end":{"line":75,"column":1}}},"4":{"name":"findChild","decl":{"start":{"line":85,"column":16},"end":{"line":85,"column":25}},"loc":{"start":{"line":85,"column":61},"end":{"line":88,"column":1}}},"5":{"name":"(anonymous_5)","decl":{"start":{"line":87,"column":28},"end":{"line":87,"column":29}},"loc":{"start":{"line":87,"column":29},"end":{"line":87,"column":34}}},"6":{"name":"setSelectOptions","decl":{"start":{"line":97,"column":16},"end":{"line":97,"column":32}},"loc":{"start":{"line":97,"column":75},"end":{"line":103,"column":1}}},"7":{"name":"(anonymous_7)","decl":{"start":{"line":99,"column":31},"end":{"line":99,"column":32}},"loc":{"start":{"line":99,"column":48},"end":{"line":102,"column":3}}},"8":{"name":"setStyle","decl":{"start":{"line":111,"column":16},"end":{"line":111,"column":24}},"loc":{"start":{"line":111,"column":67},"end":{"line":118,"column":1}}},"9":{"name":"(anonymous_9)","decl":{"start":{"line":114,"column":34},"end":{"line":114,"column":35}},"loc":{"start":{"line":114,"column":47},"end":{"line":116,"column":5}}},"10":{"name":"destroyChildren","decl":{"start":{"line":125,"column":16},"end":{"line":125,"column":31}},"loc":{"start":{"line":125,"column":44},"end":{"line":127,"column":1}}},"11":{"name":"destroyElement","decl":{"start":{"line":134,"column":16},"end":{"line":134,"column":30}},"loc":{"start":{"line":134,"column":43},"end":{"line":136,"column":1}}}},"branchMap":{"0":{"loc":{"start":{"line":49,"column":2},"end":{"line":49,"column":32}},"type":"if","locations":[{"start":{"line":49,"column":2},"end":{"line":49,"column":32}},{"start":{"line":49,"column":2},"end":{"line":49,"column":32}}]},"1":{"loc":{"start":{"line":50,"column":2},"end":{"line":50,"column":45}},"type":"if","locations":[{"start":{"line":50,"column":2},"end":{"line":50,"column":45}},{"start":{"line":50,"column":2},"end":{"line":50,"column":45}}]},"2":{"loc":{"start":{"line":51,"column":2},"end":{"line":51,"column":49}},"type":"if","locations":[{"start":{"line":51,"column":2},"end":{"line":51,"column":49}},{"start":{"line":51,"column":2},"end":{"line":51,"column":49}}]},"3":{"loc":{"start":{"line":52,"column":2},"end":{"line":52,"column":44}},"type":"if","locations":[{"start":{"line":52,"column":2},"end":{"line":52,"column":44}},{"start":{"line":52,"column":2},"end":{"line":52,"column":44}}]},"4":{"loc":{"start":{"line":53,"column":17},"end":{"line":53,"column":28}},"type":"binary-expr","locations":[{"start":{"line":53,"column":17},"end":{"line":53,"column":28}},{"start":{"line":53,"column":32},"end":{"line":53,"column":34}}]},"5":{"loc":{"start":{"line":54,"column":17},"end":{"line":54,"column":27}},"type":"binary-expr","locations":[{"start":{"line":54,"column":17},"end":{"line":54,"column":27}},{"start":{"line":54,"column":31},"end":{"line":54,"column":33}}]},"6":{"loc":{"start":{"line":87,"column":14},"end":{"line":87,"column":45}},"type":"cond-expr","locations":[{"start":{"line":87,"column":14},"end":{"line":87,"column":45}},{"start":{"line":87,"column":48},"end":{"line":87,"column":59}}]},"7":{"loc":{"start":{"line":98,"column":2},"end":{"line":98,"column":50}},"type":"if","locations":[{"start":{"line":98,"column":2},"end":{"line":98,"column":50}},{"start":{"line":98,"column":2},"end":{"line":98,"column":50}}]},"8":{"loc":{"start":{"line":112,"column":2},"end":{"line":117,"column":null}},"type":"if","locations":[{"start":{"line":112,"column":2},"end":{"line":117,"column":null}},{"start":{"line":112,"column":2},"end":{"line":117,"column":null}}]},"9":{"loc":{"start":{"line":113,"column":7},"end":{"line":117,"column":null}},"type":"if","locations":[{"start":{"line":113,"column":7},"end":{"line":117,"column":null}},{"start":{"line":113,"column":7},"end":{"line":117,"column":null}}]},"10":{"loc":{"start":{"line":135,"column":19},"end":{"line":135,"column":21}},"type":"cond-expr","locations":[{"start":{"line":135,"column":19},"end":{"line":135,"column":21}},{"start":{"line":135,"column":19},"end":{"line":135,"column":38}}]},"11":{"loc":{"start":{"line":135,"column":2},"end":{"line":135,"column":21}},"type":"binary-expr","locations":[{"start":{"line":135,"column":2},"end":{"line":135,"column":21}},{"start":{"line":135,"column":19},"end":{"line":135,"column":21}}]}},"s":{"0":1,"1":2,"2":2,"3":0,"4":2,"5":0,"6":2,"7":0,"8":2,"9":0,"10":2,"11":0,"12":2,"13":0,"14":0,"15":0,"16":0,"17":2,"18":2,"19":1,"20":1,"21":1,"22":0,"23":0,"24":0,"25":1,"26":0,"27":0,"28":0,"29":0,"30":0,"31":0,"32":0,"33":0,"34":0,"35":0,"36":0,"37":1,"38":0,"39":0,"40":0,"41":0,"42":0,"43":0,"44":0,"45":0,"46":1,"47":0,"48":0,"49":1,"50":0,"51":1},"f":{"0":2,"1":0,"2":0,"3":1,"4":0,"5":0,"6":0,"7":0,"8":0,"9":0,"10":0,"11":0},"b":{"0":[0,2],"1":[0,2],"2":[0,2],"3":[0,2],"4":[2,2],"5":[2,2],"6":[0,0],"7":[0,0],"8":[0,0],"9":[0,0],"10":[0,0],"11":[0,0]}}
,"/home/raz/mnt/forge/code/rzl-tsdx/src/index.ts": {"path":"/home/raz/mnt/forge/code/rzl-tsdx/src/index.ts","statementMap":{"0":{"start":{"line":6,"column":0},"end":{"line":6,"column":21}},"1":{"start":{"line":8,"column":0},"end":{"line":8,"column":24}},"2":{"start":{"line":9,"column":0},"end":{"line":9,"column":28}},"3":{"start":{"line":10,"column":0},"end":{"line":10,"column":28}},"4":{"start":{"line":11,"column":0},"end":{"line":11,"column":22}},"5":{"start":{"line":12,"column":0},"end":{"line":12,"column":24}},"6":{"start":{"line":13,"column":0},"end":{"line":13,"column":22}},"7":{"start":{"line":14,"column":0},"end":{"line":14,"column":25}},"8":{"start":{"line":15,"column":0},"end":{"line":15,"column":25}},"9":{"start":{"line":16,"column":0},"end":{"line":16,"column":28}}},"fnMap":{},"branchMap":{},"s":{"0":0,"1":0,"2":0,"3":0,"4":0,"5":0,"6":0,"7":0,"8":0,"9":0},"f":{},"b":{}}
,"/home/raz/mnt/forge/code/rzl-tsdx/src/modal.ts": {"path":"/home/raz/mnt/forge/code/rzl-tsdx/src/modal.ts","statementMap":{"0":{"start":{"line":7,"column":0},"end":{"line":7,"column":55}},"1":{"start":{"line":12,"column":0},"end":{"line":12,"column":null}},"2":{"start":{"line":12,"column":27},"end":{"line":12,"column":36}},"3":{"start":{"line":15,"column":4},"end":{"line":15,"column":null}},"4":{"start":{"line":18,"column":20},"end":{"line":18,"column":49}},"5":{"start":{"line":19,"column":33},"end":{"line":53,"column":6}},"6":{"start":{"line":55,"column":4},"end":{"line":55,"column":31}},"7":{"start":{"line":57,"column":0},"end":{"line":57,"column":null}},"8":{"start":{"line":12,"column":13},"end":{"line":12,"column":18}}},"fnMap":{"0":{"name":"(anonymous_0)","decl":{"start":{"line":12,"column":0},"end":{"line":12,"column":13}},"loc":{"start":{"line":12,"column":0},"end":{"line":57,"column":null}}},"1":{"name":"Modal","decl":{"start":{"line":14,"column":2},"end":{"line":14,"column":14}},"loc":{"start":{"line":14,"column":29},"end":{"line":56,"column":3}}}},"branchMap":{"0":{"loc":{"start":{"line":15,"column":4},"end":{"line":15,"column":15}},"type":"binary-expr","locations":[{"start":{"line":15,"column":4},"end":{"line":15,"column":15}},{"start":{"line":15,"column":15},"end":{"line":15,"column":null}}]},"1":{"loc":{"start":{"line":18,"column":20},"end":{"line":18,"column":33}},"type":"binary-expr","locations":[{"start":{"line":18,"column":20},"end":{"line":18,"column":33}},{"start":{"line":18,"column":37},"end":{"line":18,"column":49}}]},"2":{"loc":{"start":{"line":18,"column":24},"end":{"line":18,"column":26}},"type":"cond-expr","locations":[{"start":{"line":18,"column":24},"end":{"line":18,"column":26}},{"start":{"line":18,"column":20},"end":{"line":18,"column":33}}]},"3":{"loc":{"start":{"line":18,"column":20},"end":{"line":18,"column":26}},"type":"binary-expr","locations":[{"start":{"line":18,"column":20},"end":{"line":18,"column":26}},{"start":{"line":18,"column":20},"end":{"line":18,"column":26}}]},"4":{"loc":{"start":{"line":20,"column":12},"end":{"line":20,"column":33}},"type":"binary-expr","locations":[{"start":{"line":20,"column":12},"end":{"line":20,"column":33}},{"start":{"line":20,"column":37},"end":{"line":20,"column":39}}]},"5":{"loc":{"start":{"line":20,"column":27},"end":{"line":20,"column":29}},"type":"cond-expr","locations":[{"start":{"line":20,"column":27},"end":{"line":20,"column":29}},{"start":{"line":20,"column":27},"end":{"line":20,"column":33}}]},"6":{"loc":{"start":{"line":20,"column":12},"end":{"line":20,"column":29}},"type":"binary-expr","locations":[{"start":{"line":20,"column":12},"end":{"line":20,"column":29}},{"start":{"line":20,"column":27},"end":{"line":20,"column":29}}]},"7":{"loc":{"start":{"line":20,"column":16},"end":{"line":20,"column":18}},"type":"cond-expr","locations":[{"start":{"line":20,"column":16},"end":{"line":20,"column":18}},{"start":{"line":20,"column":12},"end":{"line":20,"column":27}}]},"8":{"loc":{"start":{"line":20,"column":12},"end":{"line":20,"column":18}},"type":"binary-expr","locations":[{"start":{"line":20,"column":12},"end":{"line":20,"column":18}},{"start":{"line":20,"column":12},"end":{"line":20,"column":18}}]},"9":{"loc":{"start":{"line":23,"column":21},"end":{"line":23,"column":31}},"type":"binary-expr","locations":[{"start":{"line":23,"column":21},"end":{"line":23,"column":31}},{"start":{"line":23,"column":35},"end":{"line":23,"column":37}}]},"10":{"loc":{"start":{"line":23,"column":25},"end":{"line":23,"column":27}},"type":"cond-expr","locations":[{"start":{"line":23,"column":25},"end":{"line":23,"column":27}},{"start":{"line":23,"column":21},"end":{"line":23,"column":31}}]},"11":{"loc":{"start":{"line":23,"column":21},"end":{"line":23,"column":27}},"type":"binary-expr","locations":[{"start":{"line":23,"column":21},"end":{"line":23,"column":27}},{"start":{"line":23,"column":21},"end":{"line":23,"column":27}}]},"12":{"loc":{"start":{"line":43,"column":27},"end":{"line":43,"column":48}},"type":"binary-expr","locations":[{"start":{"line":43,"column":27},"end":{"line":43,"column":48}},{"start":{"line":43,"column":52},"end":{"line":43,"column":63}}]},"13":{"loc":{"start":{"line":43,"column":42},"end":{"line":43,"column":44}},"type":"cond-expr","locations":[{"start":{"line":43,"column":42},"end":{"line":43,"column":44}},{"start":{"line":43,"column":42},"end":{"line":43,"column":48}}]},"14":{"loc":{"start":{"line":43,"column":27},"end":{"line":43,"column":44}},"type":"binary-expr","locations":[{"start":{"line":43,"column":27},"end":{"line":43,"column":44}},{"start":{"line":43,"column":42},"end":{"line":43,"column":44}}]},"15":{"loc":{"start":{"line":43,"column":31},"end":{"line":43,"column":33}},"type":"cond-expr","locations":[{"start":{"line":43,"column":31},"end":{"line":43,"column":33}},{"start":{"line":43,"column":27},"end":{"line":43,"column":42}}]},"16":{"loc":{"start":{"line":43,"column":27},"end":{"line":43,"column":33}},"type":"binary-expr","locations":[{"start":{"line":43,"column":27},"end":{"line":43,"column":33}},{"start":{"line":43,"column":27},"end":{"line":43,"column":33}}]}},"s":{"0":0,"1":0,"2":0,"3":0,"4":0,"5":0,"6":0,"7":0,"8":0},"f":{"0":0,"1":0},"b":{"0":[0,0],"1":[0,0],"2":[0,0],"3":[0,0],"4":[0,0],"5":[0,0],"6":[0,0],"7":[0,0],"8":[0,0],"9":[0,0],"10":[0,0],"11":[0,0],"12":[0,0],"13":[0,0],"14":[0,0],"15":[0,0],"16":[0,0]}}
,"/home/raz/mnt/forge/code/rzl-tsdx/src/rng.ts": {"path":"/home/raz/mnt/forge/code/rzl-tsdx/src/rng.ts","statementMap":{"0":{"start":{"line":13,"column":2},"end":{"line":13,"column":43}},"1":{"start":{"line":12,"column":0},"end":{"line":12,"column":16}},"2":{"start":{"line":23,"column":2},"end":{"line":23,"column":45}},"3":{"start":{"line":22,"column":0},"end":{"line":22,"column":16}}},"fnMap":{"0":{"name":"rng1to","decl":{"start":{"line":12,"column":16},"end":{"line":12,"column":22}},"loc":{"start":{"line":12,"column":32},"end":{"line":14,"column":1}}},"1":{"name":"rng0to","decl":{"start":{"line":22,"column":16},"end":{"line":22,"column":22}},"loc":{"start":{"line":22,"column":32},"end":{"line":24,"column":1}}}},"branchMap":{},"s":{"0":0,"1":0,"2":0,"3":0},"f":{"0":0,"1":0},"b":{}}
,"/home/raz/mnt/forge/code/rzl-tsdx/src/router.ts": {"path":"/home/raz/mnt/forge/code/rzl-tsdx/src/router.ts","statementMap":{"0":{"start":{"line":6,"column":0},"end":{"line":6,"column":40}},"1":{"start":{"line":27,"column":0},"end":{"line":27,"column":13}},"2":{"start":{"line":32,"column":2},"end":{"line":32,"column":14}},"3":{"start":{"line":34,"column":4},"end":{"line":41,"column":7}},"4":{"start":{"line":44,"column":4},"end":{"line":47,"column":7}},"5":{"start":{"line":50,"column":4},"end":{"line":50,"column":78}},"6":{"start":{"line":50,"column":35},"end":{"line":50,"column":78}},"7":{"start":{"line":50,"column":63},"end":{"line":50,"column":78}},"8":{"start":{"line":53,"column":4},"end":{"line":53,"column":33}},"9":{"start":{"line":57,"column":2},"end":{"line":59,"column":null}},"10":{"start":{"line":58,"column":4},"end":{"line":58,"column":35}},"11":{"start":{"line":61,"column":4},"end":{"line":61,"column":35}},"12":{"start":{"line":65,"column":2},"end":{"line":67,"column":null}},"13":{"start":{"line":66,"column":4},"end":{"line":66,"column":36}},"14":{"start":{"line":69,"column":4},"end":{"line":69,"column":37}},"15":{"start":{"line":73,"column":2},"end":{"line":75,"column":null}},"16":{"start":{"line":74,"column":4},"end":{"line":74,"column":34}},"17":{"start":{"line":77,"column":4},"end":{"line":77,"column":33}},"18":{"start":{"line":81,"column":2},"end":{"line":83,"column":null}},"19":{"start":{"line":82,"column":4},"end":{"line":82,"column":36}},"20":{"start":{"line":85,"column":4},"end":{"line":85,"column":37}},"21":{"start":{"line":89,"column":2},"end":{"line":91,"column":null}},"22":{"start":{"line":90,"column":4},"end":{"line":90,"column":34}},"23":{"start":{"line":93,"column":4},"end":{"line":93,"column":33}},"24":{"start":{"line":97,"column":2},"end":{"line":99,"column":null}},"25":{"start":{"line":98,"column":4},"end":{"line":98,"column":37}},"26":{"start":{"line":101,"column":4},"end":{"line":101,"column":39}},"27":{"start":{"line":105,"column":2},"end":{"line":107,"column":null}},"28":{"start":{"line":106,"column":4},"end":{"line":106,"column":47}},"29":{"start":{"line":109,"column":4},"end":{"line":109,"column":49}},"30":{"start":{"line":113,"column":2},"end":{"line":115,"column":null}},"31":{"start":{"line":113,"column":11},"end":{"line":113,"column":null}},"32":{"start":{"line":114,"column":4},"end":{"line":114,"column":76}},"33":{"start":{"line":118,"column":8},"end":{"line":151,"column":null}},"34":{"start":{"line":119,"column":4},"end":{"line":150,"column":7}},"35":{"start":{"line":122,"column":23},"end":{"line":123,"column":16}},"36":{"start":{"line":123,"column":12},"end":{"line":123,"column":null}},"37":{"start":{"line":124,"column":17},"end":{"line":124,"column":53}},"38":{"start":{"line":124,"column":49},"end":{"line":124,"column":69}},"39":{"start":{"line":126,"column":34},"end":{"line":126,"column":38}},"40":{"start":{"line":129,"column":8},"end":{"line":140,"column":null}},"41":{"start":{"line":129,"column":22},"end":{"line":129,"column":30}},"42":{"start":{"line":129,"column":28},"end":{"line":129,"column":30}},"43":{"start":{"line":129,"column":18},"end":{"line":129,"column":22}},"44":{"start":{"line":131,"column":26},"end":{"line":131,"column":77}},"45":{"start":{"line":134,"column":10},"end":{"line":134,"column":42}},"46":{"start":{"line":134,"column":33},"end":{"line":134,"column":42}},"47":{"start":{"line":137,"column":24},"end":{"line":137,"column":49}},"48":{"start":{"line":138,"column":24},"end":{"line":138,"column":66}},"49":{"start":{"line":139,"column":10},"end":{"line":139,"column":29}},"50":{"start":{"line":142,"column":8},"end":{"line":142,"column":21}},"51":{"start":{"line":146,"column":17},"end":{"line":146,"column":45}},"52":{"start":{"line":149,"column":6},"end":{"line":149,"column":34}},"53":{"start":{"line":154,"column":8},"end":{"line":162,"column":null}},"54":{"start":{"line":155,"column":4},"end":{"line":161,"column":7}},"55":{"start":{"line":156,"column":6},"end":{"line":156,"column":67}},"56":{"start":{"line":156,"column":45},"end":{"line":156,"column":67}},"57":{"start":{"line":157,"column":6},"end":{"line":160,"column":23}},"58":{"start":{"line":158,"column":19},"end":{"line":158,"column":28}},"59":{"start":{"line":159,"column":19},"end":{"line":159,"column":38}},"60":{"start":{"line":165,"column":8},"end":{"line":184,"column":null}},"61":{"start":{"line":165,"column":16},"end":{"line":165,"column":null}},"62":{"start":{"line":167,"column":18},"end":{"line":167,"column":null}},"63":{"start":{"line":167,"column":10},"end":{"line":167,"column":null}},"64":{"start":{"line":170,"column":19},"end":{"line":170,"column":null}},"65":{"start":{"line":170,"column":10},"end":{"line":170,"column":null}},"66":{"start":{"line":173,"column":4},"end":{"line":173,"column":73}},"67":{"start":{"line":173,"column":40},"end":{"line":173,"column":73}},"68":{"start":{"line":176,"column":4},"end":{"line":176,"column":62}},"69":{"start":{"line":178,"column":4},"end":{"line":178,"column":71}},"70":{"start":{"line":178,"column":39},"end":{"line":178,"column":71}},"71":{"start":{"line":181,"column":10},"end":{"line":181,"column":47}},"72":{"start":{"line":182,"column":4},"end":{"line":182,"column":70}},"73":{"start":{"line":182,"column":49},"end":{"line":182,"column":70}},"74":{"start":{"line":183,"column":4},"end":{"line":183,"column":21}},"75":{"start":{"line":185,"column":0},"end":{"line":185,"column":null}},"76":{"start":{"line":27,"column":13},"end":{"line":27,"column":19}}},"fnMap":{"0":{"name":"(anonymous_0)","decl":{"start":{"line":27,"column":0},"end":{"line":27,"column":13}},"loc":{"start":{"line":27,"column":0},"end":{"line":185,"column":null}}},"1":{"name":"Router","decl":{"start":{"line":32,"column":2},"end":{"line":32,"column":14}},"loc":{"start":{"line":32,"column":30},"end":{"line":54,"column":3}}},"2":{"name":"(anonymous_2)","decl":{"start":{"line":50,"column":57},"end":{"line":50,"column":63}},"loc":{"start":{"line":50,"column":57},"end":{"line":50,"column":67}}},"3":{"name":"(anonymous_3)","decl":{"start":{"line":57,"column":2},"end":{"line":57,"column":6}},"loc":{"start":{"line":57,"column":2},"end":{"line":59,"column":3}}},"4":{"name":"(anonymous_4)","decl":{"start":{"line":60,"column":2},"end":{"line":60,"column":12}},"loc":{"start":{"line":60,"column":22},"end":{"line":62,"column":3}}},"5":{"name":"(anonymous_5)","decl":{"start":{"line":65,"column":2},"end":{"line":65,"column":6}},"loc":{"start":{"line":65,"column":2},"end":{"line":67,"column":3}}},"6":{"name":"(anonymous_6)","decl":{"start":{"line":68,"column":2},"end":{"line":68,"column":13}},"loc":{"start":{"line":68,"column":28},"end":{"line":70,"column":3}}},"7":{"name":"(anonymous_7)","decl":{"start":{"line":73,"column":2},"end":{"line":73,"column":6}},"loc":{"start":{"line":73,"column":2},"end":{"line":75,"column":3}}},"8":{"name":"(anonymous_8)","decl":{"start":{"line":76,"column":2},"end":{"line":76,"column":11}},"loc":{"start":{"line":76,"column":23},"end":{"line":78,"column":3}}},"9":{"name":"(anonymous_9)","decl":{"start":{"line":81,"column":2},"end":{"line":81,"column":6}},"loc":{"start":{"line":81,"column":2},"end":{"line":83,"column":3}}},"10":{"name":"(anonymous_10)","decl":{"start":{"line":84,"column":2},"end":{"line":84,"column":13}},"loc":{"start":{"line":84,"column":32},"end":{"line":86,"column":3}}},"11":{"name":"(anonymous_11)","decl":{"start":{"line":89,"column":2},"end":{"line":89,"column":6}},"loc":{"start":{"line":89,"column":2},"end":{"line":91,"column":3}}},"12":{"name":"(anonymous_12)","decl":{"start":{"line":92,"column":2},"end":{"line":92,"column":11}},"loc":{"start":{"line":92,"column":23},"end":{"line":94,"column":3}}},"13":{"name":"(anonymous_13)","decl":{"start":{"line":97,"column":2},"end":{"line":97,"column":6}},"loc":{"start":{"line":97,"column":2},"end":{"line":99,"column":3}}},"14":{"name":"(anonymous_14)","decl":{"start":{"line":100,"column":2},"end":{"line":100,"column":14}},"loc":{"start":{"line":100,"column":31},"end":{"line":102,"column":3}}},"15":{"name":"(anonymous_15)","decl":{"start":{"line":105,"column":2},"end":{"line":105,"column":6}},"loc":{"start":{"line":105,"column":2},"end":{"line":107,"column":3}}},"16":{"name":"(anonymous_16)","decl":{"start":{"line":108,"column":2},"end":{"line":108,"column":15}},"loc":{"start":{"line":108,"column":27},"end":{"line":110,"column":3}}},"17":{"name":"(anonymous_17)","decl":{"start":{"line":113,"column":2},"end":{"line":113,"column":10}},"loc":{"start":{"line":113,"column":28},"end":{"line":115,"column":3}}},"18":{"name":"(anonymous_18)","decl":{"start":{"line":118,"column":2},"end":{"line":118,"column":8}},"loc":{"start":{"line":118,"column":31},"end":{"line":151,"column":null}}},"19":{"name":"(anonymous_21)","decl":{"start":{"line":119,"column":23},"end":{"line":119,"column":24}},"loc":{"start":{"line":119,"column":39},"end":{"line":150,"column":5}}},"20":{"name":"findRoute","decl":{"start":{"line":121,"column":15},"end":{"line":121,"column":24}},"loc":{"start":{"line":121,"column":54},"end":{"line":143,"column":7}}},"21":{"name":"(anonymous_23)","decl":{"start":{"line":122,"column":23},"end":{"line":122,"column":24}},"loc":{"start":{"line":122,"column":50},"end":{"line":123,"column":16}}},"22":{"name":"(anonymous_24)","decl":{"start":{"line":124,"column":17},"end":{"line":124,"column":18}},"loc":{"start":{"line":124,"column":44},"end":{"line":124,"column":53}}},"23":{"name":"(anonymous_25)","decl":{"start":{"line":154,"column":2},"end":{"line":154,"column":8}},"loc":{"start":{"line":154,"column":32},"end":{"line":162,"column":null}}},"24":{"name":"(anonymous_28)","decl":{"start":{"line":155,"column":23},"end":{"line":155,"column":30}},"loc":{"start":{"line":155,"column":30},"end":{"line":161,"column":5}}},"25":{"name":"(anonymous_29)","decl":{"start":{"line":158,"column":14},"end":{"line":158,"column":15}},"loc":{"start":{"line":158,"column":15},"end":{"line":158,"column":20}}},"26":{"name":"(anonymous_30)","decl":{"start":{"line":159,"column":14},"end":{"line":159,"column":15}},"loc":{"start":{"line":159,"column":15},"end":{"line":159,"column":20}}},"27":{"name":"(anonymous_31)","decl":{"start":{"line":165,"column":2},"end":{"line":165,"column":8}},"loc":{"start":{"line":165,"column":44},"end":{"line":184,"column":null}}}},"branchMap":{"0":{"loc":{"start":{"line":35,"column":20},"end":{"line":35,"column":22}},"type":"cond-expr","locations":[{"start":{"line":35,"column":20},"end":{"line":35,"column":22}},{"start":{"line":35,"column":16},"end":{"line":35,"column":27}}]},"1":{"loc":{"start":{"line":35,"column":16},"end":{"line":35,"column":22}},"type":"binary-expr","locations":[{"start":{"line":35,"column":16},"end":{"line":35,"column":22}},{"start":{"line":35,"column":16},"end":{"line":35,"column":22}}]},"2":{"loc":{"start":{"line":36,"column":17},"end":{"line":36,"column":29}},"type":"binary-expr","locations":[{"start":{"line":36,"column":17},"end":{"line":36,"column":29}},{"start":{"line":36,"column":33},"end":{"line":36,"column":35}}]},"3":{"loc":{"start":{"line":36,"column":21},"end":{"line":36,"column":23}},"type":"cond-expr","locations":[{"start":{"line":36,"column":21},"end":{"line":36,"column":23}},{"start":{"line":36,"column":17},"end":{"line":36,"column":29}}]},"4":{"loc":{"start":{"line":36,"column":17},"end":{"line":36,"column":23}},"type":"binary-expr","locations":[{"start":{"line":36,"column":17},"end":{"line":36,"column":23}},{"start":{"line":36,"column":17},"end":{"line":36,"column":23}}]},"5":{"loc":{"start":{"line":37,"column":15},"end":{"line":37,"column":25}},"type":"binary-expr","locations":[{"start":{"line":37,"column":15},"end":{"line":37,"column":25}},{"start":{"line":37,"column":29},"end":{"line":37,"column":31}}]},"6":{"loc":{"start":{"line":37,"column":19},"end":{"line":37,"column":21}},"type":"cond-expr","locations":[{"start":{"line":37,"column":19},"end":{"line":37,"column":21}},{"start":{"line":37,"column":15},"end":{"line":37,"column":25}}]},"7":{"loc":{"start":{"line":37,"column":15},"end":{"line":37,"column":21}},"type":"binary-expr","locations":[{"start":{"line":37,"column":15},"end":{"line":37,"column":21}},{"start":{"line":37,"column":15},"end":{"line":37,"column":21}}]},"8":{"loc":{"start":{"line":38,"column":17},"end":{"line":38,"column":29}},"type":"binary-expr","locations":[{"start":{"line":38,"column":17},"end":{"line":38,"column":29}},{"start":{"line":38,"column":33},"end":{"line":38,"column":46}}]},"9":{"loc":{"start":{"line":38,"column":21},"end":{"line":38,"column":23}},"type":"cond-expr","locations":[{"start":{"line":38,"column":21},"end":{"line":38,"column":23}},{"start":{"line":38,"column":17},"end":{"line":38,"column":29}}]},"10":{"loc":{"start":{"line":38,"column":17},"end":{"line":38,"column":23}},"type":"binary-expr","locations":[{"start":{"line":38,"column":17},"end":{"line":38,"column":23}},{"start":{"line":38,"column":17},"end":{"line":38,"column":23}}]},"11":{"loc":{"start":{"line":39,"column":18},"end":{"line":39,"column":31}},"type":"binary-expr","locations":[{"start":{"line":39,"column":18},"end":{"line":39,"column":31}},{"start":{"line":39,"column":35},"end":{"line":39,"column":39}}]},"12":{"loc":{"start":{"line":39,"column":22},"end":{"line":39,"column":24}},"type":"cond-expr","locations":[{"start":{"line":39,"column":22},"end":{"line":39,"column":24}},{"start":{"line":39,"column":18},"end":{"line":39,"column":31}}]},"13":{"loc":{"start":{"line":39,"column":18},"end":{"line":39,"column":24}},"type":"binary-expr","locations":[{"start":{"line":39,"column":18},"end":{"line":39,"column":24}},{"start":{"line":39,"column":18},"end":{"line":39,"column":24}}]},"14":{"loc":{"start":{"line":40,"column":21},"end":{"line":40,"column":37}},"type":"binary-expr","locations":[{"start":{"line":40,"column":21},"end":{"line":40,"column":37}},{"start":{"line":40,"column":41},"end":{"line":40,"column":43}}]},"15":{"loc":{"start":{"line":40,"column":25},"end":{"line":40,"column":27}},"type":"cond-expr","locations":[{"start":{"line":40,"column":25},"end":{"line":40,"column":27}},{"start":{"line":40,"column":21},"end":{"line":40,"column":37}}]},"16":{"loc":{"start":{"line":40,"column":21},"end":{"line":40,"column":27}},"type":"binary-expr","locations":[{"start":{"line":40,"column":21},"end":{"line":40,"column":27}},{"start":{"line":40,"column":21},"end":{"line":40,"column":27}}]},"17":{"loc":{"start":{"line":50,"column":4},"end":{"line":50,"column":78}},"type":"if","locations":[{"start":{"line":50,"column":4},"end":{"line":50,"column":78}},{"start":{"line":50,"column":4},"end":{"line":50,"column":78}}]},"18":{"loc":{"start":{"line":113,"column":11},"end":{"line":113,"column":null}},"type":"if","locations":[{"start":{"line":113,"column":11},"end":{"line":113,"column":null}},{"start":{"line":113,"column":11},"end":{"line":113,"column":null}}]},"19":{"loc":{"start":{"line":114,"column":33},"end":{"line":114,"column":53}},"type":"cond-expr","locations":[{"start":{"line":114,"column":33},"end":{"line":114,"column":53}},{"start":{"line":114,"column":57},"end":{"line":114,"column":75}}]},"20":{"loc":{"start":{"line":131,"column":64},"end":{"line":131,"column":68}},"type":"cond-expr","locations":[{"start":{"line":131,"column":64},"end":{"line":131,"column":68}},{"start":{"line":131,"column":71},"end":{"line":131,"column":77}}]},"21":{"loc":{"start":{"line":131,"column":26},"end":{"line":131,"column":35}},"type":"binary-expr","locations":[{"start":{"line":131,"column":26},"end":{"line":131,"column":35}},{"start":{"line":131,"column":39},"end":{"line":131,"column":61}}]},"22":{"loc":{"start":{"line":134,"column":10},"end":{"line":134,"column":42}},"type":"if","locations":[{"start":{"line":134,"column":10},"end":{"line":134,"column":42}},{"start":{"line":134,"column":10},"end":{"line":134,"column":42}}]},"23":{"loc":{"start":{"line":138,"column":24},"end":{"line":138,"column":34}},"type":"binary-expr","locations":[{"start":{"line":138,"column":24},"end":{"line":138,"column":34}},{"start":{"line":138,"column":38},"end":{"line":138,"column":66}}]},"24":{"loc":{"start":{"line":139,"column":18},"end":{"line":139,"column":23}},"type":"binary-expr","locations":[{"start":{"line":139,"column":18},"end":{"line":139,"column":23}},{"start":{"line":139,"column":27},"end":{"line":139,"column":28}}]},"25":{"loc":{"start":{"line":149,"column":11},"end":{"line":149,"column":22}},"type":"cond-expr","locations":[{"start":{"line":149,"column":11},"end":{"line":149,"column":22}},{"start":{"line":149,"column":25},"end":{"line":149,"column":33}}]},"26":{"loc":{"start":{"line":156,"column":6},"end":{"line":156,"column":67}},"type":"if","locations":[{"start":{"line":156,"column":6},"end":{"line":156,"column":67}},{"start":{"line":156,"column":6},"end":{"line":156,"column":67}}]},"27":{"loc":{"start":{"line":156,"column":22},"end":{"line":156,"column":24}},"type":"cond-expr","locations":[{"start":{"line":156,"column":22},"end":{"line":156,"column":24}},{"start":{"line":156,"column":17},"end":{"line":156,"column":30}}]},"28":{"loc":{"start":{"line":156,"column":17},"end":{"line":156,"column":24}},"type":"binary-expr","locations":[{"start":{"line":156,"column":17},"end":{"line":156,"column":24}},{"start":{"line":156,"column":17},"end":{"line":156,"column":24}}]},"29":{"loc":{"start":{"line":157,"column":17},"end":{"line":157,"column":19}},"type":"cond-expr","locations":[{"start":{"line":157,"column":17},"end":{"line":157,"column":19}},{"start":{"line":157,"column":12},"end":{"line":157,"column":25}}]},"30":{"loc":{"start":{"line":157,"column":12},"end":{"line":157,"column":19}},"type":"binary-expr","locations":[{"start":{"line":157,"column":12},"end":{"line":157,"column":19}},{"start":{"line":157,"column":12},"end":{"line":157,"column":19}}]},"31":{"loc":{"start":{"line":165,"column":16},"end":{"line":165,"column":null}},"type":"if","locations":[{"start":{"line":165,"column":16},"end":{"line":165,"column":null}},{"start":{"line":165,"column":16},"end":{"line":165,"column":null}}]},"32":{"loc":{"start":{"line":167,"column":18},"end":{"line":167,"column":null}},"type":"switch","locations":[{"start":{"line":167,"column":18},"end":{"line":167,"column":null}}]},"33":{"loc":{"start":{"line":173,"column":4},"end":{"line":173,"column":73}},"type":"if","locations":[{"start":{"line":173,"column":4},"end":{"line":173,"column":73}},{"start":{"line":173,"column":4},"end":{"line":173,"column":73}}]},"34":{"loc":{"start":{"line":178,"column":4},"end":{"line":178,"column":71}},"type":"if","locations":[{"start":{"line":178,"column":4},"end":{"line":178,"column":71}},{"start":{"line":178,"column":4},"end":{"line":178,"column":71}}]}},"s":{"0":0,"1":0,"2":0,"3":0,"4":0,"5":0,"6":0,"7":0,"8":0,"9":0,"10":0,"11":0,"12":0,"13":0,"14":0,"15":0,"16":0,"17":0,"18":0,"19":0,"20":0,"21":0,"22":0,"23":0,"24":0,"25":0,"26":0,"27":0,"28":0,"29":0,"30":0,"31":0,"32":0,"33":0,"34":0,"35":0,"36":0,"37":0,"38":0,"39":0,"40":0,"41":0,"42":0,"43":0,"44":0,"45":0,"46":0,"47":0,"48":0,"49":0,"50":0,"51":0,"52":0,"53":0,"54":0,"55":0,"56":0,"57":0,"58":0,"59":0,"60":0,"61":0,"62":0,"63":0,"64":0,"65":0,"66":0,"67":0,"68":0,"69":0,"70":0,"71":0,"72":0,"73":0,"74":0,"75":0,"76":0},"f":{"0":0,"1":0,"2":0,"3":0,"4":0,"5":0,"6":0,"7":0,"8":0,"9":0,"10":0,"11":0,"12":0,"13":0,"14":0,"15":0,"16":0,"17":0,"18":0,"19":0,"20":0,"21":0,"22":0,"23":0,"24":0,"25":0,"26":0,"27":0},"b":{"0":[0,0],"1":[0,0],"2":[0,0],"3":[0,0],"4":[0,0],"5":[0,0],"6":[0,0],"7":[0,0],"8":[0,0],"9":[0,0],"10":[0,0],"11":[0,0],"12":[0,0],"13":[0,0],"14":[0,0],"15":[0,0],"16":[0,0],"17":[0,0],"18":[0,0],"19":[0,0],"20":[0,0],"21":[0,0],"22":[0,0],"23":[0,0],"24":[0,0],"25":[0,0],"26":[0,0],"27":[0,0],"28":[0,0],"29":[0,0],"30":[0,0],"31":[0,0],"32":[0],"33":[0,0],"34":[0,0]}}
,"/home/raz/mnt/forge/code/rzl-tsdx/src/string.ts": {"path":"/home/raz/mnt/forge/code/rzl-tsdx/src/string.ts","statementMap":{"0":{"start":{"line":13,"column":2},"end":{"line":13,"column":52}},"1":{"start":{"line":12,"column":0},"end":{"line":12,"column":16}}},"fnMap":{"0":{"name":"capitalise","decl":{"start":{"line":12,"column":16},"end":{"line":12,"column":26}},"loc":{"start":{"line":12,"column":38},"end":{"line":14,"column":1}}}},"branchMap":{},"s":{"0":0,"1":0},"f":{"0":0},"b":{}}
,"/home/raz/mnt/forge/code/rzl-tsdx/src/typecheck.ts": {"path":"/home/raz/mnt/forge/code/rzl-tsdx/src/typecheck.ts","statementMap":{"0":{"start":{"line":13,"column":2},"end":{"line":13,"column":26}},"1":{"start":{"line":12,"column":0},"end":{"line":12,"column":16}},"2":{"start":{"line":23,"column":2},"end":{"line":23,"column":50}},"3":{"start":{"line":22,"column":0},"end":{"line":22,"column":16}},"4":{"start":{"line":33,"column":2},"end":{"line":33,"column":26}},"5":{"start":{"line":32,"column":0},"end":{"line":32,"column":16}},"6":{"start":{"line":43,"column":2},"end":{"line":43,"column":51}},"7":{"start":{"line":42,"column":0},"end":{"line":42,"column":16}},"8":{"start":{"line":53,"column":2},"end":{"line":53,"column":29}},"9":{"start":{"line":52,"column":0},"end":{"line":52,"column":16}},"10":{"start":{"line":63,"column":2},"end":{"line":63,"column":29}},"11":{"start":{"line":62,"column":0},"end":{"line":62,"column":16}},"12":{"start":{"line":73,"column":2},"end":{"line":73,"column":30}},"13":{"start":{"line":72,"column":0},"end":{"line":72,"column":16}},"14":{"start":{"line":83,"column":2},"end":{"line":83,"column":51}},"15":{"start":{"line":82,"column":0},"end":{"line":82,"column":16}},"16":{"start":{"line":93,"column":2},"end":{"line":93,"column":29}},"17":{"start":{"line":92,"column":0},"end":{"line":92,"column":16}},"18":{"start":{"line":103,"column":2},"end":{"line":103,"column":30}},"19":{"start":{"line":102,"column":0},"end":{"line":102,"column":16}},"20":{"start":{"line":113,"column":2},"end":{"line":113,"column":34}},"21":{"start":{"line":112,"column":0},"end":{"line":112,"column":16}}},"fnMap":{"0":{"name":"isArray","decl":{"start":{"line":12,"column":16},"end":{"line":12,"column":23}},"loc":{"start":{"line":12,"column":30},"end":{"line":14,"column":1}}},"1":{"name":"isIterable","decl":{"start":{"line":22,"column":16},"end":{"line":22,"column":26}},"loc":{"start":{"line":22,"column":33},"end":{"line":24,"column":1}}},"2":{"name":"isMap","decl":{"start":{"line":32,"column":16},"end":{"line":32,"column":21}},"loc":{"start":{"line":32,"column":28},"end":{"line":34,"column":1}}},"3":{"name":"isNumber","decl":{"start":{"line":42,"column":16},"end":{"line":42,"column":24}},"loc":{"start":{"line":42,"column":31},"end":{"line":44,"column":1}}},"4":{"name":"isNumberObject","decl":{"start":{"line":52,"column":16},"end":{"line":52,"column":30}},"loc":{"start":{"line":52,"column":37},"end":{"line":54,"column":1}}},"5":{"name":"isObject","decl":{"start":{"line":62,"column":16},"end":{"line":62,"column":24}},"loc":{"start":{"line":62,"column":31},"end":{"line":64,"column":1}}},"6":{"name":"isNumberPrimitive","decl":{"start":{"line":72,"column":16},"end":{"line":72,"column":33}},"loc":{"start":{"line":72,"column":40},"end":{"line":74,"column":1}}},"7":{"name":"isString","decl":{"start":{"line":82,"column":16},"end":{"line":82,"column":24}},"loc":{"start":{"line":82,"column":31},"end":{"line":84,"column":1}}},"8":{"name":"isStringObject","decl":{"start":{"line":92,"column":16},"end":{"line":92,"column":30}},"loc":{"start":{"line":92,"column":37},"end":{"line":94,"column":1}}},"9":{"name":"isStringPrimitive","decl":{"start":{"line":102,"column":16},"end":{"line":102,"column":33}},"loc":{"start":{"line":102,"column":40},"end":{"line":104,"column":1}}},"10":{"name":"isUndefined","decl":{"start":{"line":112,"column":16},"end":{"line":112,"column":27}},"loc":{"start":{"line":112,"column":34},"end":{"line":114,"column":1}}}},"branchMap":{"0":{"loc":{"start":{"line":43,"column":9},"end":{"line":43,"column":26}},"type":"binary-expr","locations":[{"start":{"line":43,"column":9},"end":{"line":43,"column":26}},{"start":{"line":43,"column":30},"end":{"line":43,"column":50}}]},"1":{"loc":{"start":{"line":83,"column":9},"end":{"line":83,"column":26}},"type":"binary-expr","locations":[{"start":{"line":83,"column":9},"end":{"line":83,"column":26}},{"start":{"line":83,"column":30},"end":{"line":83,"column":50}}]}},"s":{"0":0,"1":1,"2":0,"3":1,"4":0,"5":1,"6":0,"7":1,"8":0,"9":1,"10":0,"11":1,"12":0,"13":1,"14":0,"15":1,"16":0,"17":1,"18":0,"19":1,"20":0,"21":1},"f":{"0":0,"1":0,"2":0,"3":0,"4":0,"5":0,"6":0,"7":0,"8":0,"9":0,"10":0},"b":{"0":[0,0],"1":[0,0]}}
}
