TN:
SF:/home/raz/dev/mrzl/packages/core/lib/core.js
FN:12,capitalise
FN:24,randomInt
FN:34,undef
FNF:3
FNH:3
FNDA:4,capitalise
FNDA:2,randomInt
FNDA:2,undef
DA:13,4
DA:14,1
DA:25,2
DA:35,2
LF:4
LH:4
BRDA:13,0,0,3
BRDA:13,0,1,1
BRDA:13,1,0,4
BRDA:13,1,1,3
BRDA:24,2,0,1
BRDA:24,3,0,1
BRDA:35,4,0,2
BRDA:35,4,1,1
BRF:8
BRH:8
end_of_record
TN:
SF:/home/raz/dev/mrzl/packages/ui/lib/ui.js
FN:29,(anonymous_0)
FN:48,(anonymous_1)
FN:57,(anonymous_2)
FN:75,(anonymous_3)
FN:118,(anonymous_4)
FN:152,(anonymous_5)
FN:172,(anonymous_6)
FNF:7
FNH:7
FNDA:12,(anonymous_0)
FNDA:4,(anonymous_1)
FNDA:11,(anonymous_2)
FNDA:9,(anonymous_3)
FNDA:3,(anonymous_4)
FNDA:16,(anonymous_5)
FNDA:7,(anonymous_6)
DA:32,12
DA:35,12
DA:36,11
DA:49,4
DA:58,11
DA:82,9
DA:90,9
DA:97,9
DA:130,3
DA:140,3
DA:153,16
DA:154,16
DA:155,7
DA:157,16
DA:175,7
DA:178,7
DA:179,6
DA:183,7
DA:185,7
LF:19
LH:19
BRDA:29,0,0,1
BRDA:36,1,0,3
BRDA:36,1,1,8
BRDA:75,2,0,1
BRDA:118,3,0,1
BRDA:118,4,0,1
BRDA:140,5,0,2
BRDA:140,5,1,1
BRDA:140,6,0,3
BRDA:140,6,1,2
BRDA:154,7,0,7
BRDA:172,8,0,3
BRDA:172,9,0,6
BRDA:178,10,0,6
BRDA:178,10,1,1
BRDA:183,11,0,1
BRDA:183,11,1,6
BRF:17
BRH:17
end_of_record
