TN:
SF:/home/raz/mnt/forge/code/rzl/src/array.ts
FN:14,arrayLargest
FN:15,(anonymous_1)
FN:24,arraySmallest
FN:25,(anonymous_3)
FN:34,arrayRandom
FNF:5
FNH:5
FNDA:1,arrayLargest
FNDA:3,(anonymous_1)
FNDA:1,arraySmallest
FNDA:3,(anonymous_3)
FNDA:1,arrayRandom
DA:6,1
DA:14,1
DA:15,3
DA:24,1
DA:25,3
DA:34,1
DA:35,1
LF:7
LH:7
BRDA:15,0,0,1
BRDA:15,0,1,2
BRDA:25,1,0,2
BRDA:25,1,1,1
BRF:4
BRH:4
end_of_record
TN:
SF:/home/raz/mnt/forge/code/rzl/src/component.ts
FN:18,(anonymous_0)
FN:26,Component
FN:39,(anonymous_2)
FN:44,(anonymous_3)
FN:52,(anonymous_4)
FN:57,(anonymous_5)
FN:64,(anonymous_6)
FN:69,(anonymous_7)
FN:76,(anonymous_8)
FN:81,(anonymous_9)
FN:88,(anonymous_10)
FN:93,(anonymous_11)
FN:100,(anonymous_12)
FN:105,(anonymous_13)
FN:112,(anonymous_14)
FN:123,(anonymous_15)
FN:137,(anonymous_16)
FN:146,(anonymous_17)
FN:153,(anonymous_18)
FN:160,(anonymous_19)
FN:167,(anonymous_20)
FNF:21
FNH:1
FNDA:1,(anonymous_0)
FNDA:0,Component
FNDA:0,(anonymous_2)
FNDA:0,(anonymous_3)
FNDA:0,(anonymous_4)
FNDA:0,(anonymous_5)
FNDA:0,(anonymous_6)
FNDA:0,(anonymous_7)
FNDA:0,(anonymous_8)
FNDA:0,(anonymous_9)
FNDA:0,(anonymous_10)
FNDA:0,(anonymous_11)
FNDA:0,(anonymous_12)
FNDA:0,(anonymous_13)
FNDA:0,(anonymous_14)
FNDA:0,(anonymous_15)
FNDA:0,(anonymous_16)
FNDA:0,(anonymous_17)
FNDA:0,(anonymous_18)
FNDA:0,(anonymous_19)
FNDA:0,(anonymous_20)
DA:7,1
DA:18,1
DA:20,0
DA:23,0
DA:27,0
DA:28,0
DA:29,0
DA:31,0
DA:32,0
DA:33,0
DA:34,0
DA:35,0
DA:39,1
DA:40,0
DA:41,0
DA:45,0
DA:46,0
DA:47,0
DA:48,0
DA:52,1
DA:53,0
DA:54,0
DA:58,0
DA:59,0
DA:60,0
DA:61,0
DA:64,1
DA:65,0
DA:66,0
DA:70,0
DA:71,0
DA:72,0
DA:76,1
DA:77,0
DA:78,0
DA:82,0
DA:83,0
DA:84,0
DA:88,1
DA:89,0
DA:90,0
DA:94,0
DA:95,0
DA:96,0
DA:100,1
DA:101,0
DA:102,0
DA:106,0
DA:107,0
DA:108,0
DA:112,1
DA:113,0
DA:116,0
DA:123,0
DA:124,0
DA:126,0
DA:137,0
DA:139,0
DA:142,0
DA:146,1
DA:147,0
DA:148,0
DA:149,0
DA:153,1
DA:154,0
DA:155,0
DA:156,0
DA:160,1
DA:161,0
DA:162,0
DA:163,0
DA:167,1
DA:168,0
DA:170,1
LF:74
LH:14
BRDA:27,0,0,0
BRDA:27,0,1,0
BRDA:27,1,0,0
BRDA:27,1,1,0
BRDA:28,2,0,0
BRDA:28,2,1,0
BRDA:28,3,0,0
BRDA:28,3,1,0
BRDA:28,4,0,0
BRDA:28,4,1,0
BRDA:28,5,0,0
BRDA:28,5,1,0
BRDA:28,6,0,0
BRDA:28,6,1,0
BRDA:28,7,0,0
BRDA:28,7,1,0
BRDA:28,8,0,0
BRDA:28,8,1,0
BRDA:29,9,0,0
BRDA:29,9,1,0
BRDA:32,10,0,0
BRDA:32,10,1,0
BRDA:32,11,0,0
BRDA:32,11,1,0
BRDA:32,12,0,0
BRDA:32,12,1,0
BRDA:33,13,0,0
BRDA:33,13,1,0
BRDA:33,14,0,0
BRDA:33,14,1,0
BRDA:33,15,0,0
BRDA:33,15,1,0
BRDA:34,16,0,0
BRDA:34,16,1,0
BRDA:34,17,0,0
BRDA:34,17,1,0
BRDA:34,18,0,0
BRDA:34,18,1,0
BRDA:35,19,0,0
BRDA:35,19,1,0
BRDA:35,20,0,0
BRDA:35,20,1,0
BRDA:124,21,0,0
BRDA:124,21,1,0
BRDA:124,22,0,0
BRDA:124,22,1,0
BRDA:124,23,0,0
BRDA:124,23,1,0
BRDA:129,24,0,0
BRDA:129,24,1,0
BRDA:129,25,0,0
BRDA:129,25,1,0
BRDA:129,26,0,0
BRDA:129,26,1,0
BRDA:130,27,0,0
BRDA:130,27,1,0
BRDA:130,28,0,0
BRDA:130,28,1,0
BRDA:130,29,0,0
BRDA:130,29,1,0
BRDA:131,30,0,0
BRDA:131,30,1,0
BRDA:131,31,0,0
BRDA:131,31,1,0
BRDA:131,32,0,0
BRDA:131,32,1,0
BRDA:132,33,0,0
BRDA:132,33,1,0
BRDA:132,34,0,0
BRDA:132,34,1,0
BRDA:132,35,0,0
BRDA:132,35,1,0
BRDA:133,36,0,0
BRDA:133,36,1,0
BRDA:133,37,0,0
BRDA:133,37,1,0
BRDA:133,38,0,0
BRDA:133,38,1,0
BRDA:134,39,0,0
BRDA:134,39,1,0
BRDA:134,40,0,0
BRDA:134,40,1,0
BRDA:134,41,0,0
BRDA:134,41,1,0
BRDA:137,42,0,0
BRDA:137,42,1,0
BRDA:137,43,0,0
BRDA:137,43,1,0
BRDA:137,44,0,0
BRDA:137,44,1,0
BRDA:168,45,0,0
BRDA:168,45,1,0
BRF:92
BRH:0
end_of_record
TN:
SF:/home/raz/mnt/forge/code/rzl/src/dom.ts
FN:52,addElement
FN:59,(anonymous_1)
FN:60,(anonymous_2)
FN:79,addDiv
FN:91,findChild
FN:93,(anonymous_5)
FN:103,setSelectOptions
FN:105,(anonymous_7)
FN:122,setStyle
FN:124,(anonymous_9)
FN:132,destroyChildren
FN:141,destroyElement
FNF:12
FNH:2
FNDA:2,addElement
FNDA:0,(anonymous_1)
FNDA:0,(anonymous_2)
FNDA:1,addDiv
FNDA:0,findChild
FNDA:0,(anonymous_5)
FNDA:0,setSelectOptions
FNDA:0,(anonymous_7)
FNDA:0,setStyle
FNDA:0,(anonymous_9)
FNDA:0,destroyChildren
FNDA:0,destroyElement
DA:6,2
DA:52,2
DA:53,2
DA:55,2
DA:56,2
DA:57,2
DA:58,2
DA:59,2
DA:60,2
DA:61,2
DA:63,2
DA:79,2
DA:80,1
DA:91,2
DA:92,0
DA:93,0
DA:103,2
DA:104,0
DA:105,0
DA:106,0
DA:112,0
DA:122,2
DA:123,0
DA:124,0
DA:132,2
DA:133,0
DA:141,2
DA:142,0
LF:28
LH:18
BRDA:55,0,0,0
BRDA:55,0,1,2
BRDA:56,1,0,0
BRDA:56,1,1,2
BRDA:57,2,0,0
BRDA:57,2,1,2
BRDA:58,3,0,0
BRDA:58,3,1,2
BRDA:59,4,0,2
BRDA:59,4,1,2
BRDA:60,5,0,2
BRDA:60,5,1,2
BRDA:93,6,0,0
BRDA:93,6,1,0
BRDA:104,7,0,0
BRDA:104,7,1,0
BRDA:123,8,0,0
BRDA:123,8,1,0
BRDA:142,9,0,0
BRDA:142,9,1,0
BRDA:142,10,0,0
BRDA:142,10,1,0
BRF:22
BRH:8
end_of_record
TN:
SF:/home/raz/mnt/forge/code/rzl/src/index.ts
FNF:0
FNH:0
DA:6,0
DA:8,0
DA:9,0
DA:10,0
DA:11,0
DA:12,0
DA:13,0
DA:14,0
DA:15,0
DA:16,0
LF:10
LH:0
BRF:0
BRH:0
end_of_record
TN:
SF:/home/raz/mnt/forge/code/rzl/src/modal.ts
FN:12,(anonymous_0)
FN:14,Modal
FNF:2
FNH:0
FNDA:0,(anonymous_0)
FNDA:0,Modal
DA:7,0
DA:12,0
DA:15,0
DA:18,0
DA:19,0
DA:55,0
DA:57,0
LF:7
LH:0
BRDA:15,0,0,0
BRDA:15,0,1,0
BRDA:18,1,0,0
BRDA:18,1,1,0
BRDA:18,2,0,0
BRDA:18,2,1,0
BRDA:18,3,0,0
BRDA:18,3,1,0
BRDA:20,4,0,0
BRDA:20,4,1,0
BRDA:20,5,0,0
BRDA:20,5,1,0
BRDA:20,6,0,0
BRDA:20,6,1,0
BRDA:20,7,0,0
BRDA:20,7,1,0
BRDA:20,8,0,0
BRDA:20,8,1,0
BRDA:23,9,0,0
BRDA:23,9,1,0
BRDA:23,10,0,0
BRDA:23,10,1,0
BRDA:23,11,0,0
BRDA:23,11,1,0
BRDA:43,12,0,0
BRDA:43,12,1,0
BRDA:43,13,0,0
BRDA:43,13,1,0
BRDA:43,14,0,0
BRDA:43,14,1,0
BRDA:43,15,0,0
BRDA:43,15,1,0
BRDA:43,16,0,0
BRDA:43,16,1,0
BRF:34
BRH:0
end_of_record
TN:
SF:/home/raz/mnt/forge/code/rzl/src/rng.ts
FN:12,rng1to
FN:22,rng0to
FNF:2
FNH:2
FNDA:1,rng1to
FNDA:2,rng0to
DA:12,2
DA:13,1
DA:22,2
DA:23,2
LF:4
LH:4
BRF:0
BRH:0
end_of_record
TN:
SF:/home/raz/mnt/forge/code/rzl/src/router.ts
FN:27,(anonymous_0)
FN:33,Router
FN:51,(anonymous_2)
FN:58,(anonymous_3)
FN:62,(anonymous_4)
FN:67,(anonymous_5)
FN:71,(anonymous_6)
FN:76,(anonymous_7)
FN:80,(anonymous_8)
FN:85,(anonymous_9)
FN:89,(anonymous_10)
FN:94,(anonymous_11)
FN:98,(anonymous_12)
FN:103,(anonymous_13)
FN:107,(anonymous_14)
FN:112,(anonymous_15)
FN:116,(anonymous_16)
FN:121,(anonymous_17)
FN:126,(anonymous_18)
FN:127,(anonymous_21)
FN:129,findRoute
FN:130,(anonymous_23)
FN:132,(anonymous_24)
FN:162,(anonymous_25)
FN:163,(anonymous_28)
FN:166,(anonymous_29)
FN:167,(anonymous_30)
FN:173,(anonymous_31)
FNF:28
FNH:0
FNDA:0,(anonymous_0)
FNDA:0,Router
FNDA:0,(anonymous_2)
FNDA:0,(anonymous_3)
FNDA:0,(anonymous_4)
FNDA:0,(anonymous_5)
FNDA:0,(anonymous_6)
FNDA:0,(anonymous_7)
FNDA:0,(anonymous_8)
FNDA:0,(anonymous_9)
FNDA:0,(anonymous_10)
FNDA:0,(anonymous_11)
FNDA:0,(anonymous_12)
FNDA:0,(anonymous_13)
FNDA:0,(anonymous_14)
FNDA:0,(anonymous_15)
FNDA:0,(anonymous_16)
FNDA:0,(anonymous_17)
FNDA:0,(anonymous_18)
FNDA:0,(anonymous_21)
FNDA:0,findRoute
FNDA:0,(anonymous_23)
FNDA:0,(anonymous_24)
FNDA:0,(anonymous_25)
FNDA:0,(anonymous_28)
FNDA:0,(anonymous_29)
FNDA:0,(anonymous_30)
FNDA:0,(anonymous_31)
DA:6,0
DA:27,0
DA:33,0
DA:35,0
DA:45,0
DA:51,0
DA:54,0
DA:58,0
DA:59,0
DA:63,0
DA:67,0
DA:68,0
DA:72,0
DA:76,0
DA:77,0
DA:81,0
DA:85,0
DA:86,0
DA:90,0
DA:94,0
DA:95,0
DA:99,0
DA:103,0
DA:104,0
DA:108,0
DA:112,0
DA:113,0
DA:117,0
DA:121,0
DA:122,0
DA:126,0
DA:127,0
DA:130,0
DA:131,0
DA:132,0
DA:134,0
DA:137,0
DA:139,0
DA:142,0
DA:145,0
DA:146,0
DA:147,0
DA:150,0
DA:154,0
DA:157,0
DA:162,0
DA:163,0
DA:164,0
DA:165,0
DA:166,0
DA:167,0
DA:173,0
DA:175,0
DA:178,0
DA:181,0
DA:184,0
DA:186,0
DA:189,0
DA:190,0
DA:191,0
DA:193,0
LF:61
LH:0
BRDA:36,0,0,0
BRDA:36,0,1,0
BRDA:36,1,0,0
BRDA:36,1,1,0
BRDA:37,2,0,0
BRDA:37,2,1,0
BRDA:37,3,0,0
BRDA:37,3,1,0
BRDA:37,4,0,0
BRDA:37,4,1,0
BRDA:38,5,0,0
BRDA:38,5,1,0
BRDA:38,6,0,0
BRDA:38,6,1,0
BRDA:38,7,0,0
BRDA:38,7,1,0
BRDA:39,8,0,0
BRDA:39,8,1,0
BRDA:39,9,0,0
BRDA:39,9,1,0
BRDA:39,10,0,0
BRDA:39,10,1,0
BRDA:40,11,0,0
BRDA:40,11,1,0
BRDA:40,12,0,0
BRDA:40,12,1,0
BRDA:40,13,0,0
BRDA:40,13,1,0
BRDA:41,14,0,0
BRDA:41,14,1,0
BRDA:41,15,0,0
BRDA:41,15,1,0
BRDA:41,16,0,0
BRDA:41,16,1,0
BRDA:51,17,0,0
BRDA:51,17,1,0
BRDA:121,18,0,0
BRDA:121,18,1,0
BRDA:122,19,0,0
BRDA:122,19,1,0
BRDA:139,20,0,0
BRDA:139,20,1,0
BRDA:139,21,0,0
BRDA:139,21,1,0
BRDA:142,22,0,0
BRDA:142,22,1,0
BRDA:146,23,0,0
BRDA:146,23,1,0
BRDA:147,24,0,0
BRDA:147,24,1,0
BRDA:157,25,0,0
BRDA:157,25,1,0
BRDA:164,26,0,0
BRDA:164,26,1,0
BRDA:164,27,0,0
BRDA:164,27,1,0
BRDA:164,28,0,0
BRDA:164,28,1,0
BRDA:165,29,0,0
BRDA:165,29,1,0
BRDA:165,30,0,0
BRDA:165,30,1,0
BRDA:173,31,0,0
BRDA:173,31,1,0
BRDA:175,32,0,0
BRDA:181,33,0,0
BRDA:181,33,1,0
BRDA:186,34,0,0
BRDA:186,34,1,0
BRF:69
BRH:0
end_of_record
TN:
SF:/home/raz/mnt/forge/code/rzl/src/string.ts
FN:12,capitalise
FNF:1
FNH:1
FNDA:4,capitalise
DA:12,1
DA:13,4
LF:2
LH:2
BRF:0
BRH:0
end_of_record
TN:
SF:/home/raz/mnt/forge/code/rzl/src/typecheck.ts
FN:12,isArray
FN:22,isIterable
FN:32,isMap
FN:42,isNumber
FN:52,isNumberObject
FN:62,isObject
FN:72,isNumberPrimitive
FN:82,isString
FN:92,isStringObject
FN:102,isStringPrimitive
FN:112,isUndefined
FNF:11
FNH:11
FNDA:10,isArray
FNDA:10,isIterable
FNDA:10,isMap
FNDA:10,isNumber
FNDA:20,isNumberObject
FNDA:10,isObject
FNDA:19,isNumberPrimitive
FNDA:10,isString
FNDA:20,isStringObject
FNDA:19,isStringPrimitive
FNDA:5,isUndefined
DA:12,3
DA:13,10
DA:22,3
DA:23,10
DA:32,3
DA:33,10
DA:42,3
DA:43,10
DA:52,3
DA:53,20
DA:62,3
DA:63,10
DA:72,3
DA:73,19
DA:82,3
DA:83,10
DA:92,3
DA:93,20
DA:102,3
DA:103,19
DA:112,3
DA:113,5
LF:22
LH:22
BRDA:43,0,0,10
BRDA:43,0,1,9
BRDA:83,1,0,10
BRDA:83,1,1,9
BRF:4
BRH:4
end_of_record
